[2017-08-15T01:43:12,879][INFO ][o.e.m.j.JvmGcMonitorService] [sOtFLMY] [gc][73897] overhead, spent [280ms] collecting in the last [1s]
[2017-08-15T03:47:57,202][INFO ][o.e.c.m.MetaDataDeleteIndexService] [sOtFLMY] [test_index/Qu-rzh4JSzqV90AGHvjApg] deleting index
[2017-08-15T03:48:05,133][DEBUG][o.e.a.a.i.d.TransportDeleteIndexAction] [sOtFLMY] failed to delete indices [[[test_index/Qu-rzh4JSzqV90AGHvjApg]]]
org.elasticsearch.index.IndexNotFoundException: no such index
	at org.elasticsearch.cluster.metadata.MetaData.getIndexSafe(MetaData.java:473) ~[elasticsearch-5.5.1.jar:5.5.1]
	at org.elasticsearch.cluster.metadata.MetaDataDeleteIndexService.lambda$deleteIndices$0(MetaDataDeleteIndexService.java:89) ~[elasticsearch-5.5.1.jar:5.5.1]
	at java.util.stream.ReferencePipeline$3$1.accept(ReferencePipeline.java:193) ~[?:1.8.0_131]
	at java.util.HashMap$KeySpliterator.forEachRemaining(HashMap.java:1548) ~[?:1.8.0_131]
	at java.util.stream.AbstractPipeline.copyInto(AbstractPipeline.java:481) ~[?:1.8.0_131]
	at java.util.stream.AbstractPipeline.wrapAndCopyInto(AbstractPipeline.java:471) ~[?:1.8.0_131]
	at java.util.stream.ReduceOps$ReduceOp.evaluateSequential(ReduceOps.java:708) ~[?:1.8.0_131]
	at java.util.stream.AbstractPipeline.evaluate(AbstractPipeline.java:234) ~[?:1.8.0_131]
	at java.util.stream.ReferencePipeline.collect(ReferencePipeline.java:499) ~[?:1.8.0_131]
	at org.elasticsearch.cluster.metadata.MetaDataDeleteIndexService.deleteIndices(MetaDataDeleteIndexService.java:89) ~[elasticsearch-5.5.1.jar:5.5.1]
	at org.elasticsearch.cluster.metadata.MetaDataDeleteIndexService$1.execute(MetaDataDeleteIndexService.java:79) ~[elasticsearch-5.5.1.jar:5.5.1]
	at org.elasticsearch.cluster.ClusterStateUpdateTask.execute(ClusterStateUpdateTask.java:45) ~[elasticsearch-5.5.1.jar:5.5.1]
	at org.elasticsearch.cluster.service.ClusterService.executeTasks(ClusterService.java:634) ~[elasticsearch-5.5.1.jar:5.5.1]
	at org.elasticsearch.cluster.service.ClusterService.calculateTaskOutputs(ClusterService.java:612) ~[elasticsearch-5.5.1.jar:5.5.1]
	at org.elasticsearch.cluster.service.ClusterService.runTasks(ClusterService.java:571) [elasticsearch-5.5.1.jar:5.5.1]
	at org.elasticsearch.cluster.service.ClusterService$ClusterServiceTaskBatcher.run(ClusterService.java:263) [elasticsearch-5.5.1.jar:5.5.1]
	at org.elasticsearch.cluster.service.TaskBatcher.runIfNotProcessed(TaskBatcher.java:150) [elasticsearch-5.5.1.jar:5.5.1]
	at org.elasticsearch.cluster.service.TaskBatcher$BatchedTask.run(TaskBatcher.java:188) [elasticsearch-5.5.1.jar:5.5.1]
	at org.elasticsearch.common.util.concurrent.ThreadContext$ContextPreservingRunnable.run(ThreadContext.java:569) [elasticsearch-5.5.1.jar:5.5.1]
	at org.elasticsearch.common.util.concurrent.PrioritizedEsThreadPoolExecutor$TieBreakingPrioritizedRunnable.runAndClean(PrioritizedEsThreadPoolExecutor.java:247) [elasticsearch-5.5.1.jar:5.5.1]
	at org.elasticsearch.common.util.concurrent.PrioritizedEsThreadPoolExecutor$TieBreakingPrioritizedRunnable.run(PrioritizedEsThreadPoolExecutor.java:210) [elasticsearch-5.5.1.jar:5.5.1]
	at java.util.concurrent.ThreadPoolExecutor.runWorker(ThreadPoolExecutor.java:1142) [?:1.8.0_131]
	at java.util.concurrent.ThreadPoolExecutor$Worker.run(ThreadPoolExecutor.java:617) [?:1.8.0_131]
	at java.lang.Thread.run(Thread.java:748) [?:1.8.0_131]
[2017-08-15T03:48:06,794][DEBUG][o.e.a.a.i.d.TransportDeleteIndexAction] [sOtFLMY] failed to delete indices [[[test_index/Qu-rzh4JSzqV90AGHvjApg]]]
org.elasticsearch.index.IndexNotFoundException: no such index
	at org.elasticsearch.cluster.metadata.MetaData.getIndexSafe(MetaData.java:473) ~[elasticsearch-5.5.1.jar:5.5.1]
	at org.elasticsearch.cluster.metadata.MetaDataDeleteIndexService.lambda$deleteIndices$0(MetaDataDeleteIndexService.java:89) ~[elasticsearch-5.5.1.jar:5.5.1]
	at java.util.stream.ReferencePipeline$3$1.accept(ReferencePipeline.java:193) ~[?:1.8.0_131]
	at java.util.HashMap$KeySpliterator.forEachRemaining(HashMap.java:1548) ~[?:1.8.0_131]
	at java.util.stream.AbstractPipeline.copyInto(AbstractPipeline.java:481) ~[?:1.8.0_131]
	at java.util.stream.AbstractPipeline.wrapAndCopyInto(AbstractPipeline.java:471) ~[?:1.8.0_131]
	at java.util.stream.ReduceOps$ReduceOp.evaluateSequential(ReduceOps.java:708) ~[?:1.8.0_131]
	at java.util.stream.AbstractPipeline.evaluate(AbstractPipeline.java:234) ~[?:1.8.0_131]
	at java.util.stream.ReferencePipeline.collect(ReferencePipeline.java:499) ~[?:1.8.0_131]
	at org.elasticsearch.cluster.metadata.MetaDataDeleteIndexService.deleteIndices(MetaDataDeleteIndexService.java:89) ~[elasticsearch-5.5.1.jar:5.5.1]
	at org.elasticsearch.cluster.metadata.MetaDataDeleteIndexService$1.execute(MetaDataDeleteIndexService.java:79) ~[elasticsearch-5.5.1.jar:5.5.1]
	at org.elasticsearch.cluster.ClusterStateUpdateTask.execute(ClusterStateUpdateTask.java:45) ~[elasticsearch-5.5.1.jar:5.5.1]
	at org.elasticsearch.cluster.service.ClusterService.executeTasks(ClusterService.java:634) ~[elasticsearch-5.5.1.jar:5.5.1]
	at org.elasticsearch.cluster.service.ClusterService.calculateTaskOutputs(ClusterService.java:612) ~[elasticsearch-5.5.1.jar:5.5.1]
	at org.elasticsearch.cluster.service.ClusterService.runTasks(ClusterService.java:571) [elasticsearch-5.5.1.jar:5.5.1]
	at org.elasticsearch.cluster.service.ClusterService$ClusterServiceTaskBatcher.run(ClusterService.java:263) [elasticsearch-5.5.1.jar:5.5.1]
	at org.elasticsearch.cluster.service.TaskBatcher.runIfNotProcessed(TaskBatcher.java:150) [elasticsearch-5.5.1.jar:5.5.1]
	at org.elasticsearch.cluster.service.TaskBatcher$BatchedTask.run(TaskBatcher.java:188) [elasticsearch-5.5.1.jar:5.5.1]
	at org.elasticsearch.common.util.concurrent.ThreadContext$ContextPreservingRunnable.run(ThreadContext.java:569) [elasticsearch-5.5.1.jar:5.5.1]
	at org.elasticsearch.common.util.concurrent.PrioritizedEsThreadPoolExecutor$TieBreakingPrioritizedRunnable.runAndClean(PrioritizedEsThreadPoolExecutor.java:247) [elasticsearch-5.5.1.jar:5.5.1]
	at org.elasticsearch.common.util.concurrent.PrioritizedEsThreadPoolExecutor$TieBreakingPrioritizedRunnable.run(PrioritizedEsThreadPoolExecutor.java:210) [elasticsearch-5.5.1.jar:5.5.1]
	at java.util.concurrent.ThreadPoolExecutor.runWorker(ThreadPoolExecutor.java:1142) [?:1.8.0_131]
	at java.util.concurrent.ThreadPoolExecutor$Worker.run(ThreadPoolExecutor.java:617) [?:1.8.0_131]
	at java.lang.Thread.run(Thread.java:748) [?:1.8.0_131]
[2017-08-15T03:48:06,819][DEBUG][o.e.a.a.i.d.TransportDeleteIndexAction] [sOtFLMY] failed to delete indices [[[test_index/Qu-rzh4JSzqV90AGHvjApg]]]
org.elasticsearch.index.IndexNotFoundException: no such index
	at org.elasticsearch.cluster.metadata.MetaData.getIndexSafe(MetaData.java:473) ~[elasticsearch-5.5.1.jar:5.5.1]
	at org.elasticsearch.cluster.metadata.MetaDataDeleteIndexService.lambda$deleteIndices$0(MetaDataDeleteIndexService.java:89) ~[elasticsearch-5.5.1.jar:5.5.1]
	at java.util.stream.ReferencePipeline$3$1.accept(ReferencePipeline.java:193) ~[?:1.8.0_131]
	at java.util.HashMap$KeySpliterator.forEachRemaining(HashMap.java:1548) ~[?:1.8.0_131]
	at java.util.stream.AbstractPipeline.copyInto(AbstractPipeline.java:481) ~[?:1.8.0_131]
	at java.util.stream.AbstractPipeline.wrapAndCopyInto(AbstractPipeline.java:471) ~[?:1.8.0_131]
	at java.util.stream.ReduceOps$ReduceOp.evaluateSequential(ReduceOps.java:708) ~[?:1.8.0_131]
	at java.util.stream.AbstractPipeline.evaluate(AbstractPipeline.java:234) ~[?:1.8.0_131]
	at java.util.stream.ReferencePipeline.collect(ReferencePipeline.java:499) ~[?:1.8.0_131]
	at org.elasticsearch.cluster.metadata.MetaDataDeleteIndexService.deleteIndices(MetaDataDeleteIndexService.java:89) ~[elasticsearch-5.5.1.jar:5.5.1]
	at org.elasticsearch.cluster.metadata.MetaDataDeleteIndexService$1.execute(MetaDataDeleteIndexService.java:79) ~[elasticsearch-5.5.1.jar:5.5.1]
	at org.elasticsearch.cluster.ClusterStateUpdateTask.execute(ClusterStateUpdateTask.java:45) ~[elasticsearch-5.5.1.jar:5.5.1]
	at org.elasticsearch.cluster.service.ClusterService.executeTasks(ClusterService.java:634) ~[elasticsearch-5.5.1.jar:5.5.1]
	at org.elasticsearch.cluster.service.ClusterService.calculateTaskOutputs(ClusterService.java:612) ~[elasticsearch-5.5.1.jar:5.5.1]
	at org.elasticsearch.cluster.service.ClusterService.runTasks(ClusterService.java:571) [elasticsearch-5.5.1.jar:5.5.1]
	at org.elasticsearch.cluster.service.ClusterService$ClusterServiceTaskBatcher.run(ClusterService.java:263) [elasticsearch-5.5.1.jar:5.5.1]
	at org.elasticsearch.cluster.service.TaskBatcher.runIfNotProcessed(TaskBatcher.java:150) [elasticsearch-5.5.1.jar:5.5.1]
	at org.elasticsearch.cluster.service.TaskBatcher$BatchedTask.run(TaskBatcher.java:188) [elasticsearch-5.5.1.jar:5.5.1]
	at org.elasticsearch.common.util.concurrent.ThreadContext$ContextPreservingRunnable.run(ThreadContext.java:569) [elasticsearch-5.5.1.jar:5.5.1]
	at org.elasticsearch.common.util.concurrent.PrioritizedEsThreadPoolExecutor$TieBreakingPrioritizedRunnable.runAndClean(PrioritizedEsThreadPoolExecutor.java:247) [elasticsearch-5.5.1.jar:5.5.1]
	at org.elasticsearch.common.util.concurrent.PrioritizedEsThreadPoolExecutor$TieBreakingPrioritizedRunnable.run(PrioritizedEsThreadPoolExecutor.java:210) [elasticsearch-5.5.1.jar:5.5.1]
	at java.util.concurrent.ThreadPoolExecutor.runWorker(ThreadPoolExecutor.java:1142) [?:1.8.0_131]
	at java.util.concurrent.ThreadPoolExecutor$Worker.run(ThreadPoolExecutor.java:617) [?:1.8.0_131]
	at java.lang.Thread.run(Thread.java:748) [?:1.8.0_131]
[2017-08-15T03:50:54,430][INFO ][o.e.c.m.MetaDataCreateIndexService] [sOtFLMY] [newsbitcoin_southkorea_index] creating index, cause [auto(bulk api)], templates [], shards [5]/[1], mappings []
[2017-08-15T03:51:00,076][INFO ][o.e.c.m.MetaDataMappingService] [sOtFLMY] [newsbitcoin_southkorea_index/DzgGAscqSIKzt6u-TkApPg] create_mapping [post]
[2017-08-15T03:54:33,063][INFO ][o.e.c.m.MetaDataDeleteIndexService] [sOtFLMY] [.kibana/xOKFHnQXTu6v_wn6QDp26g] deleting index
[2017-08-15T03:54:40,048][INFO ][o.e.c.m.MetaDataCreateIndexService] [sOtFLMY] [.kibana] creating index, cause [api], templates [], shards [1]/[1], mappings [_default_, index-pattern, server, visualization, search, timelion-sheet, config, dashboard, url]
[2017-08-15T03:57:49,866][INFO ][o.e.c.m.MetaDataMappingService] [sOtFLMY] [.kibana/_B5hzf5QQzaaP6S9I6w9RA] update_mapping [config]
[2017-08-15T04:09:52,494][INFO ][o.e.c.m.MetaDataDeleteIndexService] [sOtFLMY] [newsbitcoin_southkorea_index/DzgGAscqSIKzt6u-TkApPg] deleting index
[2017-08-15T04:10:10,257][INFO ][o.e.c.m.MetaDataCreateIndexService] [sOtFLMY] [newsbitcoin_southkorea_index] creating index, cause [auto(bulk api)], templates [], shards [5]/[1], mappings []
[2017-08-15T04:10:11,954][INFO ][o.e.c.m.MetaDataMappingService] [sOtFLMY] [newsbitcoin_southkorea_index/WreRjBLDQT2ZxNbTa4QGmw] create_mapping [post]
[2017-08-15T04:10:40,045][INFO ][o.e.c.m.MetaDataDeleteIndexService] [sOtFLMY] [newsbitcoin_southkorea_index/WreRjBLDQT2ZxNbTa4QGmw] deleting index
[2017-08-15T04:10:58,265][INFO ][o.e.c.m.MetaDataCreateIndexService] [sOtFLMY] [newsbitcoin_southkorea_index] creating index, cause [auto(bulk api)], templates [], shards [5]/[1], mappings []
[2017-08-15T04:10:59,734][INFO ][o.e.c.m.MetaDataMappingService] [sOtFLMY] [newsbitcoin_southkorea_index/BGRj4SOYQkOLmlGTRhVW9w] create_mapping [post]
[2017-08-15T04:11:29,060][INFO ][o.e.c.m.MetaDataDeleteIndexService] [sOtFLMY] [newsbitcoin_southkorea_index/BGRj4SOYQkOLmlGTRhVW9w] deleting index
[2017-08-15T04:12:36,947][INFO ][o.e.c.m.MetaDataCreateIndexService] [sOtFLMY] [newsbitcoin_southkorea_index] creating index, cause [auto(bulk api)], templates [], shards [5]/[1], mappings []
[2017-08-15T04:12:38,664][INFO ][o.e.c.m.MetaDataMappingService] [sOtFLMY] [newsbitcoin_southkorea_index/_L5hiYcjQo6JguA53NxWZw] create_mapping [post]
[2017-08-15T04:45:10,287][WARN ][o.e.m.j.JvmGcMonitorService] [sOtFLMY] [gc][82962] overhead, spent [699ms] collecting in the last [1s]
[2017-08-15T04:54:45,869][INFO ][o.e.m.j.JvmGcMonitorService] [sOtFLMY] [gc][83536] overhead, spent [298ms] collecting in the last [1s]
[2017-08-15T05:16:50,161][INFO ][o.e.c.m.MetaDataDeleteIndexService] [sOtFLMY] [newsbitcoin_southkorea_index/_L5hiYcjQo6JguA53NxWZw] deleting index
[2017-08-15T05:17:12,504][INFO ][o.e.c.m.MetaDataCreateIndexService] [sOtFLMY] [newsbitcoin_southkorea_index] creating index, cause [auto(bulk api)], templates [], shards [5]/[1], mappings []
[2017-08-15T05:17:14,436][INFO ][o.e.c.m.MetaDataMappingService] [sOtFLMY] [newsbitcoin_southkorea_index/KHocZH5aSHCp-74BQ5nlNQ] create_mapping [post]
[2017-08-15T05:17:51,801][INFO ][o.e.c.m.MetaDataDeleteIndexService] [sOtFLMY] [newsbitcoin_southkorea_index/KHocZH5aSHCp-74BQ5nlNQ] deleting index
[2017-08-15T05:21:00,312][INFO ][o.e.c.m.MetaDataCreateIndexService] [sOtFLMY] [newsbitcoin_southkorea_index] creating index, cause [auto(bulk api)], templates [], shards [5]/[1], mappings []
[2017-08-15T05:21:01,687][INFO ][o.e.c.m.MetaDataMappingService] [sOtFLMY] [newsbitcoin_southkorea_index/koS-StF0TrSEYbbkPtDSiA] create_mapping [post]
[2017-08-15T05:26:29,630][INFO ][o.e.c.m.MetaDataDeleteIndexService] [sOtFLMY] [newsbitcoin_southkorea_index/koS-StF0TrSEYbbkPtDSiA] deleting index
[2017-08-15T05:26:49,318][INFO ][o.e.c.m.MetaDataCreateIndexService] [sOtFLMY] [newsbitcoin_southkorea_index] creating index, cause [auto(bulk api)], templates [], shards [5]/[1], mappings []
[2017-08-15T05:26:51,178][INFO ][o.e.c.m.MetaDataMappingService] [sOtFLMY] [newsbitcoin_southkorea_index/QQHUwDG7Sx2HXYMLQUaLiw] create_mapping [post]
[2017-08-15T05:28:24,672][INFO ][o.e.c.m.MetaDataDeleteIndexService] [sOtFLMY] [newsbitcoin_southkorea_index/QQHUwDG7Sx2HXYMLQUaLiw] deleting index
[2017-08-15T05:28:30,739][INFO ][o.e.c.m.MetaDataCreateIndexService] [sOtFLMY] [newsbitcoin_southkorea_index] creating index, cause [auto(bulk api)], templates [], shards [5]/[1], mappings []
[2017-08-15T05:28:32,114][INFO ][o.e.c.m.MetaDataMappingService] [sOtFLMY] [newsbitcoin_southkorea_index/ZKVT43BTSgq6ER3Eub-0Vw] create_mapping [post]
[2017-08-15T05:30:38,425][INFO ][o.e.c.m.MetaDataDeleteIndexService] [sOtFLMY] [newsbitcoin_southkorea_index/ZKVT43BTSgq6ER3Eub-0Vw] deleting index
[2017-08-15T05:32:17,367][INFO ][o.e.c.m.MetaDataCreateIndexService] [sOtFLMY] [newsbitcoin_southkorea_index] creating index, cause [auto(bulk api)], templates [], shards [5]/[1], mappings []
[2017-08-15T05:32:18,883][INFO ][o.e.c.m.MetaDataMappingService] [sOtFLMY] [newsbitcoin_southkorea_index/LY4eeMOzThmsBRhlePvjUA] create_mapping [post]
[2017-08-15T05:33:28,820][INFO ][o.e.c.m.MetaDataDeleteIndexService] [sOtFLMY] [newsbitcoin_southkorea_index/LY4eeMOzThmsBRhlePvjUA] deleting index
[2017-08-15T05:33:37,113][INFO ][o.e.c.m.MetaDataCreateIndexService] [sOtFLMY] [newsbitcoin_southkorea_index] creating index, cause [auto(bulk api)], templates [], shards [5]/[1], mappings []
[2017-08-15T05:33:39,156][INFO ][o.e.c.m.MetaDataMappingService] [sOtFLMY] [newsbitcoin_southkorea_index/vwZnUc-lQzq6gBekum3OPg] create_mapping [post]
[2017-08-15T05:34:09,501][INFO ][o.e.c.m.MetaDataDeleteIndexService] [sOtFLMY] [newsbitcoin_southkorea_index/vwZnUc-lQzq6gBekum3OPg] deleting index
[2017-08-15T05:34:14,708][INFO ][o.e.c.m.MetaDataCreateIndexService] [sOtFLMY] [newsbitcoin_southkorea_index] creating index, cause [auto(bulk api)], templates [], shards [5]/[1], mappings []
[2017-08-15T05:34:16,817][INFO ][o.e.c.m.MetaDataMappingService] [sOtFLMY] [newsbitcoin_southkorea_index/8safBlCASNqQW8Jq4TR-oA] create_mapping [post]
[2017-08-15T05:34:46,411][INFO ][o.e.c.m.MetaDataDeleteIndexService] [sOtFLMY] [newsbitcoin_southkorea_index/8safBlCASNqQW8Jq4TR-oA] deleting index
[2017-08-15T05:34:55,082][INFO ][o.e.c.m.MetaDataCreateIndexService] [sOtFLMY] [newsbitcoin_southkorea_index] creating index, cause [auto(bulk api)], templates [], shards [5]/[1], mappings []
[2017-08-15T05:34:56,504][INFO ][o.e.c.m.MetaDataMappingService] [sOtFLMY] [newsbitcoin_southkorea_index/CUlwKaLWScyXWxyCwo8ofQ] create_mapping [post]
[2017-08-15T05:36:31,059][INFO ][o.e.c.m.MetaDataDeleteIndexService] [sOtFLMY] [newsbitcoin_southkorea_index/CUlwKaLWScyXWxyCwo8ofQ] deleting index
[2017-08-15T05:36:42,289][INFO ][o.e.c.m.MetaDataCreateIndexService] [sOtFLMY] [newsbitcoin_southkorea_index] creating index, cause [auto(bulk api)], templates [], shards [5]/[1], mappings []
[2017-08-15T05:36:43,965][INFO ][o.e.c.m.MetaDataMappingService] [sOtFLMY] [newsbitcoin_southkorea_index/qnnRkz5fToaxW3YyMhUBJg] create_mapping [post]
[2017-08-15T05:46:11,587][INFO ][o.e.c.m.MetaDataDeleteIndexService] [sOtFLMY] [newsbitcoin_southkorea_index/qnnRkz5fToaxW3YyMhUBJg] deleting index
[2017-08-15T05:46:42,096][INFO ][o.e.c.m.MetaDataCreateIndexService] [sOtFLMY] [newsbitcoin_southkorea_index] creating index, cause [auto(bulk api)], templates [], shards [5]/[1], mappings []
[2017-08-15T05:46:43,440][INFO ][o.e.c.m.MetaDataMappingService] [sOtFLMY] [newsbitcoin_southkorea_index/QGGwwguNT_SO2tiNA-BZ2g] create_mapping [post]
[2017-08-15T05:48:30,038][INFO ][o.e.c.m.MetaDataDeleteIndexService] [sOtFLMY] [newsbitcoin_southkorea_index/QGGwwguNT_SO2tiNA-BZ2g] deleting index
[2017-08-15T05:48:36,287][INFO ][o.e.c.m.MetaDataCreateIndexService] [sOtFLMY] [newsbitcoin_southkorea_index] creating index, cause [auto(bulk api)], templates [], shards [5]/[1], mappings []
[2017-08-15T05:48:37,830][INFO ][o.e.c.m.MetaDataMappingService] [sOtFLMY] [newsbitcoin_southkorea_index/4vVyDxs2TsS0gkA8zeA2Bw] create_mapping [post]
[2017-08-15T06:12:27,370][INFO ][o.e.m.j.JvmGcMonitorService] [sOtFLMY] [gc][88174] overhead, spent [314ms] collecting in the last [1s]
[2017-08-15T06:32:18,610][INFO ][o.e.m.j.JvmGcMonitorService] [sOtFLMY] [gc][89357] overhead, spent [320ms] collecting in the last [1s]
[2017-08-15T06:32:52,985][INFO ][o.e.c.m.MetaDataCreateIndexService] [sOtFLMY] [newsbitcoin_japan_index] creating index, cause [auto(bulk api)], templates [], shards [5]/[1], mappings []
[2017-08-15T06:32:55,042][INFO ][o.e.c.m.MetaDataMappingService] [sOtFLMY] [newsbitcoin_japan_index/IWjXCr_KSnWE6i6BtJYfhA] create_mapping [post]
[2017-08-15T06:38:22,981][INFO ][o.e.c.m.MetaDataCreateIndexService] [sOtFLMY] [newsbitcoin_hongkong_index] creating index, cause [auto(bulk api)], templates [], shards [5]/[1], mappings []
[2017-08-15T06:38:24,573][INFO ][o.e.c.m.MetaDataMappingService] [sOtFLMY] [newsbitcoin_hongkong_index/dkD3gqSGQzWraLSgduPcnw] create_mapping [post]
[2017-08-15T06:39:04,223][INFO ][o.e.c.m.MetaDataCreateIndexService] [sOtFLMY] [newsbitcoin_sweden_index] creating index, cause [auto(bulk api)], templates [], shards [5]/[1], mappings []
[2017-08-15T06:39:06,225][INFO ][o.e.c.m.MetaDataMappingService] [sOtFLMY] [newsbitcoin_sweden_index/vX0kGOJkRfCZb6j1oCK0cA] create_mapping [post]
[2017-08-15T06:39:36,458][INFO ][o.e.c.m.MetaDataCreateIndexService] [sOtFLMY] [newsbitcoin_europe_index] creating index, cause [auto(bulk api)], templates [], shards [5]/[1], mappings []
[2017-08-15T06:39:38,278][INFO ][o.e.c.m.MetaDataMappingService] [sOtFLMY] [newsbitcoin_europe_index/Dvi__onQSFWmu2oXSz1hxw] create_mapping [post]
[2017-08-15T06:40:17,673][INFO ][o.e.c.m.MetaDataCreateIndexService] [sOtFLMY] [newsbitcoin_aml_index] creating index, cause [auto(bulk api)], templates [], shards [5]/[1], mappings []
[2017-08-15T06:40:19,521][INFO ][o.e.c.m.MetaDataMappingService] [sOtFLMY] [newsbitcoin_aml_index/DzU4pKK6Q3GxhVaSbCxyyA] create_mapping [post]
[2017-08-15T06:40:49,445][INFO ][o.e.c.m.MetaDataCreateIndexService] [sOtFLMY] [newsbitcoin_australia_index] creating index, cause [auto(bulk api)], templates [], shards [5]/[1], mappings []
[2017-08-15T06:40:51,193][INFO ][o.e.c.m.MetaDataMappingService] [sOtFLMY] [newsbitcoin_australia_index/EQ2-NoO4SASJikHPBr2xPg] create_mapping [post]
[2017-08-15T06:41:15,975][INFO ][o.e.c.m.MetaDataCreateIndexService] [sOtFLMY] [newsbitcoin_america_index] creating index, cause [auto(bulk api)], templates [], shards [5]/[1], mappings []
[2017-08-15T06:41:17,569][INFO ][o.e.c.m.MetaDataMappingService] [sOtFLMY] [newsbitcoin_america_index/DD2LXxlfQh2Jg2VxGFKO9g] create_mapping [post]
[2017-08-15T06:41:49,836][INFO ][o.e.c.m.MetaDataCreateIndexService] [sOtFLMY] [newsbitcoin_government_index] creating index, cause [auto(bulk api)], templates [], shards [5]/[1], mappings []
[2017-08-15T06:41:51,476][INFO ][o.e.c.m.MetaDataMappingService] [sOtFLMY] [newsbitcoin_government_index/3FnfDaODQjO11whdveIUQA] create_mapping [post]
[2017-08-15T06:42:24,322][INFO ][o.e.c.m.MetaDataCreateIndexService] [sOtFLMY] [newsbitcoin_national_index] creating index, cause [auto(bulk api)], templates [], shards [5]/[1], mappings []
[2017-08-15T06:42:26,142][INFO ][o.e.c.m.MetaDataMappingService] [sOtFLMY] [newsbitcoin_national_index/ju9ms3VgQ1m543QgN_WyxA] create_mapping [post]
[2017-08-15T06:42:55,349][INFO ][o.e.c.m.MetaDataCreateIndexService] [sOtFLMY] [newsbitcoin_uses_index] creating index, cause [auto(bulk api)], templates [], shards [5]/[1], mappings []
[2017-08-15T06:42:56,751][INFO ][o.e.c.m.MetaDataMappingService] [sOtFLMY] [newsbitcoin_uses_index/HyrRkJYHT2m1mf-V94IDqQ] create_mapping [post]
[2017-08-15T06:43:30,513][INFO ][o.e.m.j.JvmGcMonitorService] [sOtFLMY] [gc][90024] overhead, spent [408ms] collecting in the last [1.1s]
[2017-08-15T06:43:34,327][INFO ][o.e.c.m.MetaDataCreateIndexService] [sOtFLMY] [newsbitcoin_regulations_index] creating index, cause [auto(bulk api)], templates [], shards [5]/[1], mappings []
[2017-08-15T06:43:39,566][INFO ][o.e.c.m.MetaDataMappingService] [sOtFLMY] [newsbitcoin_regulations_index/7M7rBrkES7adsHeeEdam-w] create_mapping [post]
[2017-08-15T06:43:57,558][INFO ][o.e.c.m.MetaDataCreateIndexService] [sOtFLMY] [newsbitcoin_taxes_index] creating index, cause [auto(bulk api)], templates [], shards [5]/[1], mappings []
[2017-08-15T06:43:59,328][INFO ][o.e.c.m.MetaDataMappingService] [sOtFLMY] [newsbitcoin_taxes_index/jQER0pqESDePrtuP-D8mBA] create_mapping [post]
[2017-08-15T06:44:19,717][INFO ][o.e.c.m.MetaDataCreateIndexService] [sOtFLMY] [newsbitcoin_bitcoin_index] creating index, cause [auto(bulk api)], templates [], shards [5]/[1], mappings []
[2017-08-15T06:44:21,592][INFO ][o.e.c.m.MetaDataMappingService] [sOtFLMY] [newsbitcoin_bitcoin_index/DSkfIpMnRh6olBE9TJYkpQ] create_mapping [post]
[2017-08-15T06:44:40,801][INFO ][o.e.c.m.MetaDataCreateIndexService] [sOtFLMY] [newsbitcoin_blockchain_index] creating index, cause [auto(bulk api)], templates [], shards [5]/[1], mappings []
[2017-08-15T06:44:42,439][INFO ][o.e.c.m.MetaDataMappingService] [sOtFLMY] [newsbitcoin_blockchain_index/SbMJZzWZR26QqXHR7nylcA] create_mapping [post]
[2017-08-15T06:45:34,053][INFO ][o.e.c.m.MetaDataCreateIndexService] [sOtFLMY] [newsbitcoin_cryptocurrency_index] creating index, cause [auto(bulk api)], templates [], shards [5]/[1], mappings []
[2017-08-15T06:45:35,462][INFO ][o.e.c.m.MetaDataMappingService] [sOtFLMY] [newsbitcoin_cryptocurrency_index/rlKGiI94SXKzjaZSBvHpqw] create_mapping [post]
[2017-08-15T06:45:46,038][INFO ][o.e.c.m.MetaDataCreateIndexService] [sOtFLMY] [newsbitcoin_fintech_index] creating index, cause [auto(bulk api)], templates [], shards [5]/[1], mappings []
[2017-08-15T06:45:47,645][INFO ][o.e.c.m.MetaDataMappingService] [sOtFLMY] [newsbitcoin_fintech_index/9o5F93SqSA6u4z5mw8FLOA] create_mapping [post]
[2017-08-15T06:46:01,086][INFO ][o.e.c.m.MetaDataCreateIndexService] [sOtFLMY] [newsbitcoin_ethereum_index] creating index, cause [auto(bulk api)], templates [], shards [5]/[1], mappings []
[2017-08-15T06:46:02,557][INFO ][o.e.c.m.MetaDataMappingService] [sOtFLMY] [newsbitcoin_ethereum_index/-VnX4eCgScud2F_eeI-8Pg] create_mapping [post]
[2017-08-15T06:46:20,534][INFO ][o.e.c.m.MetaDataCreateIndexService] [sOtFLMY] [newsbitcoin_digitalassets_index] creating index, cause [auto(bulk api)], templates [], shards [5]/[1], mappings []
[2017-08-15T06:46:23,011][INFO ][o.e.c.m.MetaDataMappingService] [sOtFLMY] [newsbitcoin_digitalassets_index/1lJWx6PITVmrFaUMoeWLJA] create_mapping [post]
[2017-08-15T06:52:23,380][WARN ][o.e.m.j.JvmGcMonitorService] [sOtFLMY] [gc][young][90551][155] duration [1.9s], collections [1]/[2.3s], total [1.9s]/[22.9s], memory [434.7mb]->[176.6mb]/[1.9gb], all_pools {[young] [264.2mb]->[38.1kb]/[266.2mb]}{[survivor] [15.1mb]->[20.4mb]/[33.2mb]}{[old] [155.3mb]->[156.1mb]/[1.6gb]}
[2017-08-15T06:52:23,382][WARN ][o.e.m.j.JvmGcMonitorService] [sOtFLMY] [gc][90551] overhead, spent [1.9s] collecting in the last [2.3s]
[2017-08-15T07:19:25,548][INFO ][o.e.m.j.JvmGcMonitorService] [sOtFLMY] [gc][92170] overhead, spent [315ms] collecting in the last [1s]
[2017-08-15T09:46:35,699][WARN ][o.e.m.j.JvmGcMonitorService] [sOtFLMY] [gc][young][100966][178] duration [17.2s], collections [1]/[17.7s], total [17.2s]/[42.1s], memory [434.7mb]->[168.3mb]/[1.9gb], all_pools {[young] [266.2mb]->[42.5kb]/[266.2mb]}{[survivor] [624.7kb]->[409.7kb]/[33.2mb]}{[old] [167.9mb]->[167.9mb]/[1.6gb]}
[2017-08-15T09:46:37,025][WARN ][o.e.m.j.JvmGcMonitorService] [sOtFLMY] [gc][100966] overhead, spent [17.2s] collecting in the last [17.7s]
[2017-08-15T22:19:26,189][WARN ][o.e.m.j.JvmGcMonitorService] [sOtFLMY] [gc][young][116395][211] duration [4.2s], collections [1]/[5.5s], total [4.2s]/[48.6s], memory [434.4mb]->[168.3mb]/[1.9gb], all_pools {[young] [266.2mb]->[64.1kb]/[266.2mb]}{[survivor] [328kb]->[471.2kb]/[33.2mb]}{[old] [167.9mb]->[167.9mb]/[1.6gb]}
[2017-08-15T22:19:32,641][WARN ][o.e.m.j.JvmGcMonitorService] [sOtFLMY] [gc][116395] overhead, spent [4.2s] collecting in the last [5.5s]
[2017-08-15T22:36:29,140][INFO ][o.e.m.j.JvmGcMonitorService] [sOtFLMY] [gc][117348] overhead, spent [393ms] collecting in the last [1s]
[2017-08-15T22:44:15,549][INFO ][o.e.m.j.JvmGcMonitorService] [sOtFLMY] [gc][117814] overhead, spent [311ms] collecting in the last [1s]
