[2017-08-22T21:31:44,858][INFO ][o.e.n.Node               ] [] initializing ...
[2017-08-22T21:31:48,153][INFO ][o.e.e.NodeEnvironment    ] [sOtFLMY] using [1] data paths, mounts [[(C:)]], net usable_space [240.2gb], net total_space [310.1gb], spins? [unknown], types [NTFS]
[2017-08-22T21:31:48,153][INFO ][o.e.e.NodeEnvironment    ] [sOtFLMY] heap size [1.9gb], compressed ordinary object pointers [true]
[2017-08-22T21:32:38,944][INFO ][o.e.n.Node               ] node name [sOtFLMY] derived from node ID [sOtFLMYbRTW_lfTXgaySOQ]; set [node.name] to override
[2017-08-22T21:32:38,944][INFO ][o.e.n.Node               ] version[5.5.1], pid[408], build[19c13d0/2017-07-18T20:44:24.823Z], OS[Windows 8.1/6.3/amd64], JVM[Oracle Corporation/Java HotSpot(TM) 64-Bit Server VM/1.8.0_131/25.131-b11]
[2017-08-22T21:32:38,944][INFO ][o.e.n.Node               ] JVM arguments [-Xms2g, -Xmx2g, -XX:+UseConcMarkSweepGC, -XX:CMSInitiatingOccupancyFraction=75, -XX:+UseCMSInitiatingOccupancyOnly, -XX:+AlwaysPreTouch, -Xss1m, -Djava.awt.headless=true, -Dfile.encoding=UTF-8, -Djna.nosys=true, -Djdk.io.permissionsUseCanonicalPath=true, -Dio.netty.noUnsafe=true, -Dio.netty.noKeySetOptimization=true, -Dio.netty.recycler.maxCapacityPerThread=0, -Dlog4j.shutdownHookEnabled=false, -Dlog4j2.disable.jmx=true, -Dlog4j.skipJansi=true, -XX:+HeapDumpOnOutOfMemoryError, -Delasticsearch, -Des.path.home=C:\Users\Balaj\Desktop\Jake\elasticsearch-5.5.1\elasticsearch-5.5.1]
[2017-08-22T21:33:10,227][INFO ][o.e.p.PluginsService     ] [sOtFLMY] loaded module [aggs-matrix-stats]
[2017-08-22T21:33:10,243][INFO ][o.e.p.PluginsService     ] [sOtFLMY] loaded module [ingest-common]
[2017-08-22T21:33:10,243][INFO ][o.e.p.PluginsService     ] [sOtFLMY] loaded module [lang-expression]
[2017-08-22T21:33:10,243][INFO ][o.e.p.PluginsService     ] [sOtFLMY] loaded module [lang-groovy]
[2017-08-22T21:33:10,243][INFO ][o.e.p.PluginsService     ] [sOtFLMY] loaded module [lang-mustache]
[2017-08-22T21:33:10,243][INFO ][o.e.p.PluginsService     ] [sOtFLMY] loaded module [lang-painless]
[2017-08-22T21:33:10,243][INFO ][o.e.p.PluginsService     ] [sOtFLMY] loaded module [parent-join]
[2017-08-22T21:33:10,243][INFO ][o.e.p.PluginsService     ] [sOtFLMY] loaded module [percolator]
[2017-08-22T21:33:10,243][INFO ][o.e.p.PluginsService     ] [sOtFLMY] loaded module [reindex]
[2017-08-22T21:33:10,243][INFO ][o.e.p.PluginsService     ] [sOtFLMY] loaded module [transport-netty3]
[2017-08-22T21:33:10,243][INFO ][o.e.p.PluginsService     ] [sOtFLMY] loaded module [transport-netty4]
[2017-08-22T21:33:10,243][INFO ][o.e.p.PluginsService     ] [sOtFLMY] no plugins loaded
[2017-08-22T21:33:47,142][INFO ][o.e.d.DiscoveryModule    ] [sOtFLMY] using discovery type [zen]
[2017-08-22T21:33:56,929][INFO ][o.e.n.Node               ] initialized
[2017-08-22T21:33:56,929][INFO ][o.e.n.Node               ] [sOtFLMY] starting ...
[2017-08-22T21:34:01,195][INFO ][o.e.t.TransportService   ] [sOtFLMY] publish_address {127.0.0.1:9300}, bound_addresses {127.0.0.1:9300}, {[::1]:9300}
[2017-08-22T21:34:04,930][INFO ][o.e.c.s.ClusterService   ] [sOtFLMY] new_master {sOtFLMY}{sOtFLMYbRTW_lfTXgaySOQ}{WYqbwb3uQfuFaWJDJ4-Xmw}{127.0.0.1}{127.0.0.1:9300}, reason: zen-disco-elected-as-master ([0] nodes joined)
[2017-08-22T21:34:06,059][INFO ][o.e.h.n.Netty4HttpServerTransport] [sOtFLMY] publish_address {127.0.0.1:9200}, bound_addresses {127.0.0.1:9200}, {[::1]:9200}
[2017-08-22T21:34:06,059][INFO ][o.e.n.Node               ] [sOtFLMY] started
[2017-08-22T21:34:18,106][INFO ][o.e.g.GatewayService     ] [sOtFLMY] recovered [56] indices into cluster_state
[2017-08-22T21:35:38,588][INFO ][o.e.c.r.a.AllocationService] [sOtFLMY] Cluster health status changed from [RED] to [YELLOW] (reason: [shards started [[my_index][4], [my_index][0]] ...]).
[2017-08-22T21:45:04,113][WARN ][o.e.m.j.JvmGcMonitorService] [sOtFLMY] [gc][young][657][6] duration [1s], collections [1]/[1.9s], total [1s]/[2.1s], memory [306.5mb]->[118.7mb]/[1.9gb], all_pools {[young] [251.2mb]->[17.3mb]/[266.2mb]}{[survivor] [33.2mb]->[33.2mb]/[33.2mb]}{[old] [22.1mb]->[69.4mb]/[1.6gb]}
[2017-08-22T21:45:04,456][WARN ][o.e.m.j.JvmGcMonitorService] [sOtFLMY] [gc][657] overhead, spent [1s] collecting in the last [1.9s]
[2017-08-22T21:48:12,358][INFO ][o.e.m.j.JvmGcMonitorService] [sOtFLMY] [gc][843] overhead, spent [338ms] collecting in the last [1s]
[2017-08-22T21:49:36,547][INFO ][o.e.c.m.MetaDataCreateIndexService] [sOtFLMY] [nytimes_bitcoin_index] creating index, cause [auto(bulk api)], templates [], shards [5]/[1], mappings []
[2017-08-22T21:49:41,762][INFO ][o.e.c.m.MetaDataMappingService] [sOtFLMY] [nytimes_bitcoin_index/ZNdpbaVAQfujZdr2ZNc49A] create_mapping [post]
[2017-08-22T21:51:25,327][INFO ][o.e.c.m.MetaDataCreateIndexService] [sOtFLMY] [nytimes_blockchain_index] creating index, cause [auto(bulk api)], templates [], shards [5]/[1], mappings []
[2017-08-22T21:51:27,062][INFO ][o.e.c.m.MetaDataMappingService] [sOtFLMY] [nytimes_blockchain_index/uF1tDe_tTIS9HsDDwGNdlg] create_mapping [post]
[2017-08-22T21:51:59,186][INFO ][o.e.c.m.MetaDataCreateIndexService] [sOtFLMY] [nytimes_cryptocurrency_index] creating index, cause [auto(bulk api)], templates [], shards [5]/[1], mappings []
[2017-08-22T21:52:00,887][INFO ][o.e.c.m.MetaDataMappingService] [sOtFLMY] [nytimes_cryptocurrency_index/WKFzb7vORaeFTtgDmfyIRA] create_mapping [post]
[2017-08-22T21:52:03,369][INFO ][o.e.m.j.JvmGcMonitorService] [sOtFLMY] [gc][1072] overhead, spent [255ms] collecting in the last [1s]
[2017-08-22T21:52:30,866][INFO ][o.e.c.m.MetaDataCreateIndexService] [sOtFLMY] [nytimes_fintech_index] creating index, cause [auto(bulk api)], templates [], shards [5]/[1], mappings []
[2017-08-22T21:52:32,478][INFO ][o.e.c.m.MetaDataMappingService] [sOtFLMY] [nytimes_fintech_index/E_A-m8pVSlu4tiR6Ydc2ug] create_mapping [post]
[2017-08-22T21:52:47,350][INFO ][o.e.c.m.MetaDataCreateIndexService] [sOtFLMY] [nytimes_ethereum_index] creating index, cause [auto(bulk api)], templates [], shards [5]/[1], mappings []
[2017-08-22T21:52:48,965][INFO ][o.e.c.m.MetaDataMappingService] [sOtFLMY] [nytimes_ethereum_index/2BFgiQPVS4mtiOcgb-mALQ] create_mapping [post]
[2017-08-22T21:53:36,403][INFO ][o.e.c.m.MetaDataCreateIndexService] [sOtFLMY] [nytimes_digitalcurrency_index] creating index, cause [auto(bulk api)], templates [], shards [5]/[1], mappings []
[2017-08-22T21:53:38,177][INFO ][o.e.c.m.MetaDataMappingService] [sOtFLMY] [nytimes_digitalcurrency_index/Gr45etk6R3eYqW7GRfwq0Q] create_mapping [post]
[2017-08-22T21:53:57,425][INFO ][o.e.c.m.MetaDataCreateIndexService] [sOtFLMY] [nytimes_litecoin_index] creating index, cause [auto(bulk api)], templates [], shards [5]/[1], mappings []
[2017-08-22T21:53:59,081][INFO ][o.e.c.m.MetaDataMappingService] [sOtFLMY] [nytimes_litecoin_index/GubC5f_OSlWF5ayMxUWzKQ] create_mapping [post]
[2017-08-22T21:59:13,846][INFO ][o.e.m.j.JvmGcMonitorService] [sOtFLMY] [gc][1500] overhead, spent [355ms] collecting in the last [1s]
[2017-08-22T22:27:49,513][INFO ][o.e.m.j.JvmGcMonitorService] [sOtFLMY] [gc][3202] overhead, spent [367ms] collecting in the last [1s]
[2017-08-22T23:04:45,534][INFO ][o.e.m.j.JvmGcMonitorService] [sOtFLMY] [gc][5399] overhead, spent [254ms] collecting in the last [1s]
[2017-08-22T23:09:20,073][INFO ][o.e.m.j.JvmGcMonitorService] [sOtFLMY] [gc][5672] overhead, spent [410ms] collecting in the last [1.2s]
