[2017-08-07T09:59:43,832][INFO ][o.e.n.Node               ] [] initializing ...
[2017-08-07T09:59:44,741][INFO ][o.e.e.NodeEnvironment    ] [sOtFLMY] using [1] data paths, mounts [[(C:)]], net usable_space [246.6gb], net total_space [310.1gb], spins? [unknown], types [NTFS]
[2017-08-07T09:59:44,743][INFO ][o.e.e.NodeEnvironment    ] [sOtFLMY] heap size [1.9gb], compressed ordinary object pointers [true]
[2017-08-07T09:59:45,271][INFO ][o.e.n.Node               ] node name [sOtFLMY] derived from node ID [sOtFLMYbRTW_lfTXgaySOQ]; set [node.name] to override
[2017-08-07T09:59:45,273][INFO ][o.e.n.Node               ] version[5.5.1], pid[6940], build[19c13d0/2017-07-18T20:44:24.823Z], OS[Windows 8.1/6.3/amd64], JVM[Oracle Corporation/Java HotSpot(TM) 64-Bit Server VM/1.8.0_131/25.131-b11]
[2017-08-07T09:59:45,274][INFO ][o.e.n.Node               ] JVM arguments [-Xms2g, -Xmx2g, -XX:+UseConcMarkSweepGC, -XX:CMSInitiatingOccupancyFraction=75, -XX:+UseCMSInitiatingOccupancyOnly, -XX:+AlwaysPreTouch, -Xss1m, -Djava.awt.headless=true, -Dfile.encoding=UTF-8, -Djna.nosys=true, -Djdk.io.permissionsUseCanonicalPath=true, -Dio.netty.noUnsafe=true, -Dio.netty.noKeySetOptimization=true, -Dio.netty.recycler.maxCapacityPerThread=0, -Dlog4j.shutdownHookEnabled=false, -Dlog4j2.disable.jmx=true, -Dlog4j.skipJansi=true, -XX:+HeapDumpOnOutOfMemoryError, -Delasticsearch, -Des.path.home=C:\Users\Balaj\Desktop\Jake\elasticsearch-5.5.1\elasticsearch-5.5.1]
[2017-08-07T09:59:59,872][INFO ][o.e.p.PluginsService     ] [sOtFLMY] loaded module [aggs-matrix-stats]
[2017-08-07T09:59:59,873][INFO ][o.e.p.PluginsService     ] [sOtFLMY] loaded module [ingest-common]
[2017-08-07T09:59:59,874][INFO ][o.e.p.PluginsService     ] [sOtFLMY] loaded module [lang-expression]
[2017-08-07T09:59:59,876][INFO ][o.e.p.PluginsService     ] [sOtFLMY] loaded module [lang-groovy]
[2017-08-07T09:59:59,876][INFO ][o.e.p.PluginsService     ] [sOtFLMY] loaded module [lang-mustache]
[2017-08-07T09:59:59,878][INFO ][o.e.p.PluginsService     ] [sOtFLMY] loaded module [lang-painless]
[2017-08-07T09:59:59,879][INFO ][o.e.p.PluginsService     ] [sOtFLMY] loaded module [parent-join]
[2017-08-07T09:59:59,880][INFO ][o.e.p.PluginsService     ] [sOtFLMY] loaded module [percolator]
[2017-08-07T09:59:59,881][INFO ][o.e.p.PluginsService     ] [sOtFLMY] loaded module [reindex]
[2017-08-07T09:59:59,882][INFO ][o.e.p.PluginsService     ] [sOtFLMY] loaded module [transport-netty3]
[2017-08-07T09:59:59,883][INFO ][o.e.p.PluginsService     ] [sOtFLMY] loaded module [transport-netty4]
[2017-08-07T09:59:59,886][INFO ][o.e.p.PluginsService     ] [sOtFLMY] no plugins loaded
[2017-08-07T10:00:19,453][INFO ][o.e.d.DiscoveryModule    ] [sOtFLMY] using discovery type [zen]
[2017-08-07T10:00:21,462][INFO ][o.e.n.Node               ] initialized
[2017-08-07T10:00:21,462][INFO ][o.e.n.Node               ] [sOtFLMY] starting ...
[2017-08-07T10:00:23,728][INFO ][o.e.t.TransportService   ] [sOtFLMY] publish_address {127.0.0.1:9300}, bound_addresses {127.0.0.1:9300}, {[::1]:9300}
[2017-08-07T10:00:27,650][INFO ][o.e.c.s.ClusterService   ] [sOtFLMY] new_master {sOtFLMY}{sOtFLMYbRTW_lfTXgaySOQ}{Sr9uF_2GQCicQuu7Piuzug}{127.0.0.1}{127.0.0.1:9300}, reason: zen-disco-elected-as-master ([0] nodes joined)
[2017-08-07T10:00:29,095][INFO ][o.e.h.n.Netty4HttpServerTransport] [sOtFLMY] publish_address {127.0.0.1:9200}, bound_addresses {127.0.0.1:9200}, {[::1]:9200}
[2017-08-07T10:00:29,097][INFO ][o.e.n.Node               ] [sOtFLMY] started
[2017-08-07T10:00:29,532][INFO ][o.e.g.GatewayService     ] [sOtFLMY] recovered [2] indices into cluster_state
[2017-08-07T10:00:32,928][INFO ][o.e.c.r.a.AllocationService] [sOtFLMY] Cluster health status changed from [RED] to [YELLOW] (reason: [shards started [[my_index][3], [.kibana][0]] ...]).
[2017-08-07T10:16:26,057][WARN ][o.e.m.j.JvmGcMonitorService] [sOtFLMY] [gc][young][959][4] duration [1.6s], collections [1]/[1.7s], total [1.6s]/[2.2s], memory [358.7mb]->[124.1mb]/[1.9gb], all_pools {[young] [266.2mb]->[4.7mb]/[266.2mb]}{[survivor] [28.5mb]->[19.4mb]/[33.2mb]}{[old] [63.9mb]->[99.8mb]/[1.6gb]}
[2017-08-07T10:16:26,091][WARN ][o.e.m.j.JvmGcMonitorService] [sOtFLMY] [gc][959] overhead, spent [1.6s] collecting in the last [1.7s]
[2017-08-07T10:25:08,541][INFO ][o.e.m.j.JvmGcMonitorService] [sOtFLMY] [gc][1481] overhead, spent [426ms] collecting in the last [1s]
[2017-08-07T11:06:30,445][INFO ][o.e.c.m.MetaDataCreateIndexService] [sOtFLMY] [test_index] creating index, cause [auto(bulk api)], templates [], shards [5]/[1], mappings []
[2017-08-07T11:06:35,071][INFO ][o.e.c.m.MetaDataMappingService] [sOtFLMY] [test_index/pHj66olJQrKCg7YrqmLvEA] create_mapping [post]
[2017-08-07T14:26:44,408][INFO ][o.e.c.m.MetaDataMappingService] [sOtFLMY] [test_index/pHj66olJQrKCg7YrqmLvEA] update_mapping [post]
[2017-08-07T14:26:47,189][DEBUG][o.e.a.b.TransportShardBulkAction] [sOtFLMY] [test_index][3] failed to execute bulk item (index) BulkShardRequest [[test_index][3]] containing [index {[test_index][post][1], source[{"Source": "news.bitcoin.com", "Description": [" Legislation outlining the regulatory framework for digital currencies including bitcoin in South Korea has been introduced by lawmaker Park Yong-jin. It defines digital currency,..."], "Keyword": "South Korea", "Title": ["‘Bitcoin Regulation Act’ Introduced in South Korea Bans MLMs"]}]}]
org.elasticsearch.index.mapper.MapperParsingException: failed to parse [Description]
	at org.elasticsearch.index.mapper.FieldMapper.parse(FieldMapper.java:298) ~[elasticsearch-5.5.1.jar:5.5.1]
	at org.elasticsearch.index.mapper.DocumentParser.parseObjectOrField(DocumentParser.java:468) ~[elasticsearch-5.5.1.jar:5.5.1]
	at org.elasticsearch.index.mapper.DocumentParser.parseValue(DocumentParser.java:591) ~[elasticsearch-5.5.1.jar:5.5.1]
	at org.elasticsearch.index.mapper.DocumentParser.parseNonDynamicArray(DocumentParser.java:580) ~[elasticsearch-5.5.1.jar:5.5.1]
	at org.elasticsearch.index.mapper.DocumentParser.parseArray(DocumentParser.java:526) ~[elasticsearch-5.5.1.jar:5.5.1]
	at org.elasticsearch.index.mapper.DocumentParser.innerParseObject(DocumentParser.java:385) ~[elasticsearch-5.5.1.jar:5.5.1]
	at org.elasticsearch.index.mapper.DocumentParser.parseObjectOrNested(DocumentParser.java:373) ~[elasticsearch-5.5.1.jar:5.5.1]
	at org.elasticsearch.index.mapper.DocumentParser.internalParseDocument(DocumentParser.java:93) ~[elasticsearch-5.5.1.jar:5.5.1]
	at org.elasticsearch.index.mapper.DocumentParser.parseDocument(DocumentParser.java:66) ~[elasticsearch-5.5.1.jar:5.5.1]
	at org.elasticsearch.index.mapper.DocumentMapper.parse(DocumentMapper.java:277) ~[elasticsearch-5.5.1.jar:5.5.1]
	at org.elasticsearch.index.shard.IndexShard.prepareIndex(IndexShard.java:529) ~[elasticsearch-5.5.1.jar:5.5.1]
	at org.elasticsearch.index.shard.IndexShard.prepareIndexOnPrimary(IndexShard.java:506) ~[elasticsearch-5.5.1.jar:5.5.1]
	at org.elasticsearch.action.bulk.TransportShardBulkAction.prepareIndexOperationOnPrimary(TransportShardBulkAction.java:450) ~[elasticsearch-5.5.1.jar:5.5.1]
	at org.elasticsearch.action.bulk.TransportShardBulkAction.executeIndexRequestOnPrimary(TransportShardBulkAction.java:458) ~[elasticsearch-5.5.1.jar:5.5.1]
	at org.elasticsearch.action.bulk.TransportShardBulkAction.executeBulkItemRequest(TransportShardBulkAction.java:143) [elasticsearch-5.5.1.jar:5.5.1]
	at org.elasticsearch.action.bulk.TransportShardBulkAction.shardOperationOnPrimary(TransportShardBulkAction.java:113) [elasticsearch-5.5.1.jar:5.5.1]
	at org.elasticsearch.action.bulk.TransportShardBulkAction.shardOperationOnPrimary(TransportShardBulkAction.java:69) [elasticsearch-5.5.1.jar:5.5.1]
	at org.elasticsearch.action.support.replication.TransportReplicationAction$PrimaryShardReference.perform(TransportReplicationAction.java:939) [elasticsearch-5.5.1.jar:5.5.1]
	at org.elasticsearch.action.support.replication.TransportReplicationAction$PrimaryShardReference.perform(TransportReplicationAction.java:908) [elasticsearch-5.5.1.jar:5.5.1]
	at org.elasticsearch.action.support.replication.ReplicationOperation.execute(ReplicationOperation.java:113) [elasticsearch-5.5.1.jar:5.5.1]
	at org.elasticsearch.action.support.replication.TransportReplicationAction$AsyncPrimaryAction.onResponse(TransportReplicationAction.java:322) [elasticsearch-5.5.1.jar:5.5.1]
	at org.elasticsearch.action.support.replication.TransportReplicationAction$AsyncPrimaryAction.onResponse(TransportReplicationAction.java:264) [elasticsearch-5.5.1.jar:5.5.1]
	at org.elasticsearch.action.support.replication.TransportReplicationAction$1.onResponse(TransportReplicationAction.java:888) [elasticsearch-5.5.1.jar:5.5.1]
	at org.elasticsearch.action.support.replication.TransportReplicationAction$1.onResponse(TransportReplicationAction.java:885) [elasticsearch-5.5.1.jar:5.5.1]
	at org.elasticsearch.index.shard.IndexShardOperationsLock.acquire(IndexShardOperationsLock.java:147) [elasticsearch-5.5.1.jar:5.5.1]
	at org.elasticsearch.index.shard.IndexShard.acquirePrimaryOperationLock(IndexShard.java:1657) [elasticsearch-5.5.1.jar:5.5.1]
	at org.elasticsearch.action.support.replication.TransportReplicationAction.acquirePrimaryShardReference(TransportReplicationAction.java:897) [elasticsearch-5.5.1.jar:5.5.1]
	at org.elasticsearch.action.support.replication.TransportReplicationAction.access$400(TransportReplicationAction.java:93) [elasticsearch-5.5.1.jar:5.5.1]
	at org.elasticsearch.action.support.replication.TransportReplicationAction$AsyncPrimaryAction.doRun(TransportReplicationAction.java:281) [elasticsearch-5.5.1.jar:5.5.1]
	at org.elasticsearch.common.util.concurrent.AbstractRunnable.run(AbstractRunnable.java:37) [elasticsearch-5.5.1.jar:5.5.1]
	at org.elasticsearch.action.support.replication.TransportReplicationAction$PrimaryOperationTransportHandler.messageReceived(TransportReplicationAction.java:260) [elasticsearch-5.5.1.jar:5.5.1]
	at org.elasticsearch.action.support.replication.TransportReplicationAction$PrimaryOperationTransportHandler.messageReceived(TransportReplicationAction.java:252) [elasticsearch-5.5.1.jar:5.5.1]
	at org.elasticsearch.transport.RequestHandlerRegistry.processMessageReceived(RequestHandlerRegistry.java:69) [elasticsearch-5.5.1.jar:5.5.1]
	at org.elasticsearch.transport.TransportService$7.doRun(TransportService.java:644) [elasticsearch-5.5.1.jar:5.5.1]
	at org.elasticsearch.common.util.concurrent.ThreadContext$ContextPreservingAbstractRunnable.doRun(ThreadContext.java:638) [elasticsearch-5.5.1.jar:5.5.1]
	at org.elasticsearch.common.util.concurrent.AbstractRunnable.run(AbstractRunnable.java:37) [elasticsearch-5.5.1.jar:5.5.1]
	at java.util.concurrent.ThreadPoolExecutor.runWorker(ThreadPoolExecutor.java:1142) [?:1.8.0_131]
	at java.util.concurrent.ThreadPoolExecutor$Worker.run(ThreadPoolExecutor.java:617) [?:1.8.0_131]
	at java.lang.Thread.run(Thread.java:748) [?:1.8.0_131]
Caused by: java.lang.NumberFormatException: For input string: " Legislation outlining the regulatory framework for digital currencies including bitcoin in South Korea has been introduced by lawmaker Park Yong-jin. It defines digital currency,..."
	at java.lang.NumberFormatException.forInputString(NumberFormatException.java:65) ~[?:1.8.0_131]
	at java.lang.Long.parseLong(Long.java:578) ~[?:1.8.0_131]
	at java.lang.Long.parseLong(Long.java:631) ~[?:1.8.0_131]
	at org.elasticsearch.common.xcontent.support.AbstractXContentParser.longValue(AbstractXContentParser.java:172) ~[elasticsearch-5.5.1.jar:5.5.1]
	at org.elasticsearch.index.mapper.NumberFieldMapper$NumberType$7.parse(NumberFieldMapper.java:740) ~[elasticsearch-5.5.1.jar:5.5.1]
	at org.elasticsearch.index.mapper.NumberFieldMapper$NumberType$7.parse(NumberFieldMapper.java:719) ~[elasticsearch-5.5.1.jar:5.5.1]
	at org.elasticsearch.index.mapper.NumberFieldMapper.parseCreateField(NumberFieldMapper.java:1058) ~[elasticsearch-5.5.1.jar:5.5.1]
	at org.elasticsearch.index.mapper.FieldMapper.parse(FieldMapper.java:287) ~[elasticsearch-5.5.1.jar:5.5.1]
	... 38 more
[2017-08-07T14:28:16,700][INFO ][o.e.c.m.MetaDataDeleteIndexService] [sOtFLMY] [test_index/pHj66olJQrKCg7YrqmLvEA] deleting index
[2017-08-07T14:28:33,939][INFO ][o.e.c.m.MetaDataCreateIndexService] [sOtFLMY] [test_index] creating index, cause [auto(bulk api)], templates [], shards [5]/[1], mappings []
[2017-08-07T14:28:36,965][INFO ][o.e.c.m.MetaDataMappingService] [sOtFLMY] [test_index/Z8OCZfnEThyS3iKvxGcESQ] create_mapping [post]
[2017-08-07T14:28:37,342][DEBUG][o.e.a.b.TransportShardBulkAction] [sOtFLMY] [test_index][3] failed to execute bulk item (index) BulkShardRequest [[test_index][3]] containing [index {[test_index][post][1], source[{"Source": "news.bitcoin.com", "Description": [" Legislation outlining the regulatory framework for digital currencies including bitcoin in South Korea has been introduced by lawmaker Park Yong-jin. It defines digital currency,..."], "Keyword": "South Korea", "Title": ["‘Bitcoin Regulation Act’ Introduced in South Korea Bans MLMs"]}]}]
org.elasticsearch.index.mapper.MapperParsingException: failed to parse [Description]
	at org.elasticsearch.index.mapper.FieldMapper.parse(FieldMapper.java:298) ~[elasticsearch-5.5.1.jar:5.5.1]
	at org.elasticsearch.index.mapper.DocumentParser.parseObjectOrField(DocumentParser.java:468) ~[elasticsearch-5.5.1.jar:5.5.1]
	at org.elasticsearch.index.mapper.DocumentParser.parseValue(DocumentParser.java:591) ~[elasticsearch-5.5.1.jar:5.5.1]
	at org.elasticsearch.index.mapper.DocumentParser.parseNonDynamicArray(DocumentParser.java:580) ~[elasticsearch-5.5.1.jar:5.5.1]
	at org.elasticsearch.index.mapper.DocumentParser.parseArray(DocumentParser.java:526) ~[elasticsearch-5.5.1.jar:5.5.1]
	at org.elasticsearch.index.mapper.DocumentParser.innerParseObject(DocumentParser.java:385) ~[elasticsearch-5.5.1.jar:5.5.1]
	at org.elasticsearch.index.mapper.DocumentParser.parseObjectOrNested(DocumentParser.java:373) ~[elasticsearch-5.5.1.jar:5.5.1]
	at org.elasticsearch.index.mapper.DocumentParser.internalParseDocument(DocumentParser.java:93) ~[elasticsearch-5.5.1.jar:5.5.1]
	at org.elasticsearch.index.mapper.DocumentParser.parseDocument(DocumentParser.java:66) ~[elasticsearch-5.5.1.jar:5.5.1]
	at org.elasticsearch.index.mapper.DocumentMapper.parse(DocumentMapper.java:277) ~[elasticsearch-5.5.1.jar:5.5.1]
	at org.elasticsearch.index.shard.IndexShard.prepareIndex(IndexShard.java:529) ~[elasticsearch-5.5.1.jar:5.5.1]
	at org.elasticsearch.index.shard.IndexShard.prepareIndexOnPrimary(IndexShard.java:506) ~[elasticsearch-5.5.1.jar:5.5.1]
	at org.elasticsearch.action.bulk.TransportShardBulkAction.prepareIndexOperationOnPrimary(TransportShardBulkAction.java:450) ~[elasticsearch-5.5.1.jar:5.5.1]
	at org.elasticsearch.action.bulk.TransportShardBulkAction.executeIndexRequestOnPrimary(TransportShardBulkAction.java:458) ~[elasticsearch-5.5.1.jar:5.5.1]
	at org.elasticsearch.action.bulk.TransportShardBulkAction.executeBulkItemRequest(TransportShardBulkAction.java:143) [elasticsearch-5.5.1.jar:5.5.1]
	at org.elasticsearch.action.bulk.TransportShardBulkAction.shardOperationOnPrimary(TransportShardBulkAction.java:113) [elasticsearch-5.5.1.jar:5.5.1]
	at org.elasticsearch.action.bulk.TransportShardBulkAction.shardOperationOnPrimary(TransportShardBulkAction.java:69) [elasticsearch-5.5.1.jar:5.5.1]
	at org.elasticsearch.action.support.replication.TransportReplicationAction$PrimaryShardReference.perform(TransportReplicationAction.java:939) [elasticsearch-5.5.1.jar:5.5.1]
	at org.elasticsearch.action.support.replication.TransportReplicationAction$PrimaryShardReference.perform(TransportReplicationAction.java:908) [elasticsearch-5.5.1.jar:5.5.1]
	at org.elasticsearch.action.support.replication.ReplicationOperation.execute(ReplicationOperation.java:113) [elasticsearch-5.5.1.jar:5.5.1]
	at org.elasticsearch.action.support.replication.TransportReplicationAction$AsyncPrimaryAction.onResponse(TransportReplicationAction.java:322) [elasticsearch-5.5.1.jar:5.5.1]
	at org.elasticsearch.action.support.replication.TransportReplicationAction$AsyncPrimaryAction.onResponse(TransportReplicationAction.java:264) [elasticsearch-5.5.1.jar:5.5.1]
	at org.elasticsearch.action.support.replication.TransportReplicationAction$1.onResponse(TransportReplicationAction.java:888) [elasticsearch-5.5.1.jar:5.5.1]
	at org.elasticsearch.action.support.replication.TransportReplicationAction$1.onResponse(TransportReplicationAction.java:885) [elasticsearch-5.5.1.jar:5.5.1]
	at org.elasticsearch.index.shard.IndexShardOperationsLock.acquire(IndexShardOperationsLock.java:147) [elasticsearch-5.5.1.jar:5.5.1]
	at org.elasticsearch.index.shard.IndexShard.acquirePrimaryOperationLock(IndexShard.java:1657) [elasticsearch-5.5.1.jar:5.5.1]
	at org.elasticsearch.action.support.replication.TransportReplicationAction.acquirePrimaryShardReference(TransportReplicationAction.java:897) [elasticsearch-5.5.1.jar:5.5.1]
	at org.elasticsearch.action.support.replication.TransportReplicationAction.access$400(TransportReplicationAction.java:93) [elasticsearch-5.5.1.jar:5.5.1]
	at org.elasticsearch.action.support.replication.TransportReplicationAction$AsyncPrimaryAction.doRun(TransportReplicationAction.java:281) [elasticsearch-5.5.1.jar:5.5.1]
	at org.elasticsearch.common.util.concurrent.AbstractRunnable.run(AbstractRunnable.java:37) [elasticsearch-5.5.1.jar:5.5.1]
	at org.elasticsearch.action.support.replication.TransportReplicationAction$PrimaryOperationTransportHandler.messageReceived(TransportReplicationAction.java:260) [elasticsearch-5.5.1.jar:5.5.1]
	at org.elasticsearch.action.support.replication.TransportReplicationAction$PrimaryOperationTransportHandler.messageReceived(TransportReplicationAction.java:252) [elasticsearch-5.5.1.jar:5.5.1]
	at org.elasticsearch.transport.RequestHandlerRegistry.processMessageReceived(RequestHandlerRegistry.java:69) [elasticsearch-5.5.1.jar:5.5.1]
	at org.elasticsearch.transport.TransportService$7.doRun(TransportService.java:644) [elasticsearch-5.5.1.jar:5.5.1]
	at org.elasticsearch.common.util.concurrent.ThreadContext$ContextPreservingAbstractRunnable.doRun(ThreadContext.java:638) [elasticsearch-5.5.1.jar:5.5.1]
	at org.elasticsearch.common.util.concurrent.AbstractRunnable.run(AbstractRunnable.java:37) [elasticsearch-5.5.1.jar:5.5.1]
	at java.util.concurrent.ThreadPoolExecutor.runWorker(ThreadPoolExecutor.java:1142) [?:1.8.0_131]
	at java.util.concurrent.ThreadPoolExecutor$Worker.run(ThreadPoolExecutor.java:617) [?:1.8.0_131]
	at java.lang.Thread.run(Thread.java:748) [?:1.8.0_131]
Caused by: java.lang.NumberFormatException: For input string: " Legislation outlining the regulatory framework for digital currencies including bitcoin in South Korea has been introduced by lawmaker Park Yong-jin. It defines digital currency,..."
	at java.lang.NumberFormatException.forInputString(NumberFormatException.java:65) ~[?:1.8.0_131]
	at java.lang.Long.parseLong(Long.java:578) ~[?:1.8.0_131]
	at java.lang.Long.parseLong(Long.java:631) ~[?:1.8.0_131]
	at org.elasticsearch.common.xcontent.support.AbstractXContentParser.longValue(AbstractXContentParser.java:172) ~[elasticsearch-5.5.1.jar:5.5.1]
	at org.elasticsearch.index.mapper.NumberFieldMapper$NumberType$7.parse(NumberFieldMapper.java:740) ~[elasticsearch-5.5.1.jar:5.5.1]
	at org.elasticsearch.index.mapper.NumberFieldMapper$NumberType$7.parse(NumberFieldMapper.java:719) ~[elasticsearch-5.5.1.jar:5.5.1]
	at org.elasticsearch.index.mapper.NumberFieldMapper.parseCreateField(NumberFieldMapper.java:1058) ~[elasticsearch-5.5.1.jar:5.5.1]
	at org.elasticsearch.index.mapper.FieldMapper.parse(FieldMapper.java:287) ~[elasticsearch-5.5.1.jar:5.5.1]
	... 38 more
[2017-08-07T14:38:14,062][INFO ][o.e.c.m.MetaDataDeleteIndexService] [sOtFLMY] [test_index/Z8OCZfnEThyS3iKvxGcESQ] deleting index
[2017-08-07T14:38:31,478][INFO ][o.e.c.m.MetaDataCreateIndexService] [sOtFLMY] [test_index] creating index, cause [auto(bulk api)], templates [], shards [5]/[1], mappings []
[2017-08-07T14:38:32,872][INFO ][o.e.c.m.MetaDataMappingService] [sOtFLMY] [test_index/03LbDuYFQ_WKlzKMjbz6qA] create_mapping [post]
[2017-08-07T14:38:33,167][DEBUG][o.e.a.b.TransportShardBulkAction] [sOtFLMY] [test_index][2] failed to execute bulk item (index) BulkShardRequest [[test_index][2]] containing [index {[test_index][post][2], source[{"Source": "news.bitcoin.com", "Description": [" Legislation outlining the regulatory framework for digital currencies including bitcoin in South Korea has been introduced by lawmaker Park Yong-jin. It defines digital currency,..."], "Keyword": "South Korea", "Title": ["‘Bitcoin Regulation Act’ Introduced in South Korea Bans MLMs"]}]}]
org.elasticsearch.index.mapper.MapperParsingException: failed to parse [Description]
	at org.elasticsearch.index.mapper.FieldMapper.parse(FieldMapper.java:298) ~[elasticsearch-5.5.1.jar:5.5.1]
	at org.elasticsearch.index.mapper.DocumentParser.parseObjectOrField(DocumentParser.java:468) ~[elasticsearch-5.5.1.jar:5.5.1]
	at org.elasticsearch.index.mapper.DocumentParser.parseValue(DocumentParser.java:591) ~[elasticsearch-5.5.1.jar:5.5.1]
	at org.elasticsearch.index.mapper.DocumentParser.parseNonDynamicArray(DocumentParser.java:580) ~[elasticsearch-5.5.1.jar:5.5.1]
	at org.elasticsearch.index.mapper.DocumentParser.parseArray(DocumentParser.java:526) ~[elasticsearch-5.5.1.jar:5.5.1]
	at org.elasticsearch.index.mapper.DocumentParser.innerParseObject(DocumentParser.java:385) ~[elasticsearch-5.5.1.jar:5.5.1]
	at org.elasticsearch.index.mapper.DocumentParser.parseObjectOrNested(DocumentParser.java:373) ~[elasticsearch-5.5.1.jar:5.5.1]
	at org.elasticsearch.index.mapper.DocumentParser.internalParseDocument(DocumentParser.java:93) ~[elasticsearch-5.5.1.jar:5.5.1]
	at org.elasticsearch.index.mapper.DocumentParser.parseDocument(DocumentParser.java:66) ~[elasticsearch-5.5.1.jar:5.5.1]
	at org.elasticsearch.index.mapper.DocumentMapper.parse(DocumentMapper.java:277) ~[elasticsearch-5.5.1.jar:5.5.1]
	at org.elasticsearch.index.shard.IndexShard.prepareIndex(IndexShard.java:529) ~[elasticsearch-5.5.1.jar:5.5.1]
	at org.elasticsearch.index.shard.IndexShard.prepareIndexOnPrimary(IndexShard.java:506) ~[elasticsearch-5.5.1.jar:5.5.1]
	at org.elasticsearch.action.bulk.TransportShardBulkAction.prepareIndexOperationOnPrimary(TransportShardBulkAction.java:450) ~[elasticsearch-5.5.1.jar:5.5.1]
	at org.elasticsearch.action.bulk.TransportShardBulkAction.executeIndexRequestOnPrimary(TransportShardBulkAction.java:458) ~[elasticsearch-5.5.1.jar:5.5.1]
	at org.elasticsearch.action.bulk.TransportShardBulkAction.executeBulkItemRequest(TransportShardBulkAction.java:143) [elasticsearch-5.5.1.jar:5.5.1]
	at org.elasticsearch.action.bulk.TransportShardBulkAction.shardOperationOnPrimary(TransportShardBulkAction.java:113) [elasticsearch-5.5.1.jar:5.5.1]
	at org.elasticsearch.action.bulk.TransportShardBulkAction.shardOperationOnPrimary(TransportShardBulkAction.java:69) [elasticsearch-5.5.1.jar:5.5.1]
	at org.elasticsearch.action.support.replication.TransportReplicationAction$PrimaryShardReference.perform(TransportReplicationAction.java:939) [elasticsearch-5.5.1.jar:5.5.1]
	at org.elasticsearch.action.support.replication.TransportReplicationAction$PrimaryShardReference.perform(TransportReplicationAction.java:908) [elasticsearch-5.5.1.jar:5.5.1]
	at org.elasticsearch.action.support.replication.ReplicationOperation.execute(ReplicationOperation.java:113) [elasticsearch-5.5.1.jar:5.5.1]
	at org.elasticsearch.action.support.replication.TransportReplicationAction$AsyncPrimaryAction.onResponse(TransportReplicationAction.java:322) [elasticsearch-5.5.1.jar:5.5.1]
	at org.elasticsearch.action.support.replication.TransportReplicationAction$AsyncPrimaryAction.onResponse(TransportReplicationAction.java:264) [elasticsearch-5.5.1.jar:5.5.1]
	at org.elasticsearch.action.support.replication.TransportReplicationAction$1.onResponse(TransportReplicationAction.java:888) [elasticsearch-5.5.1.jar:5.5.1]
	at org.elasticsearch.action.support.replication.TransportReplicationAction$1.onResponse(TransportReplicationAction.java:885) [elasticsearch-5.5.1.jar:5.5.1]
	at org.elasticsearch.index.shard.IndexShardOperationsLock.acquire(IndexShardOperationsLock.java:147) [elasticsearch-5.5.1.jar:5.5.1]
	at org.elasticsearch.index.shard.IndexShard.acquirePrimaryOperationLock(IndexShard.java:1657) [elasticsearch-5.5.1.jar:5.5.1]
	at org.elasticsearch.action.support.replication.TransportReplicationAction.acquirePrimaryShardReference(TransportReplicationAction.java:897) [elasticsearch-5.5.1.jar:5.5.1]
	at org.elasticsearch.action.support.replication.TransportReplicationAction.access$400(TransportReplicationAction.java:93) [elasticsearch-5.5.1.jar:5.5.1]
	at org.elasticsearch.action.support.replication.TransportReplicationAction$AsyncPrimaryAction.doRun(TransportReplicationAction.java:281) [elasticsearch-5.5.1.jar:5.5.1]
	at org.elasticsearch.common.util.concurrent.AbstractRunnable.run(AbstractRunnable.java:37) [elasticsearch-5.5.1.jar:5.5.1]
	at org.elasticsearch.action.support.replication.TransportReplicationAction$PrimaryOperationTransportHandler.messageReceived(TransportReplicationAction.java:260) [elasticsearch-5.5.1.jar:5.5.1]
	at org.elasticsearch.action.support.replication.TransportReplicationAction$PrimaryOperationTransportHandler.messageReceived(TransportReplicationAction.java:252) [elasticsearch-5.5.1.jar:5.5.1]
	at org.elasticsearch.transport.RequestHandlerRegistry.processMessageReceived(RequestHandlerRegistry.java:69) [elasticsearch-5.5.1.jar:5.5.1]
	at org.elasticsearch.transport.TransportService$7.doRun(TransportService.java:644) [elasticsearch-5.5.1.jar:5.5.1]
	at org.elasticsearch.common.util.concurrent.ThreadContext$ContextPreservingAbstractRunnable.doRun(ThreadContext.java:638) [elasticsearch-5.5.1.jar:5.5.1]
	at org.elasticsearch.common.util.concurrent.AbstractRunnable.run(AbstractRunnable.java:37) [elasticsearch-5.5.1.jar:5.5.1]
	at java.util.concurrent.ThreadPoolExecutor.runWorker(ThreadPoolExecutor.java:1142) [?:1.8.0_131]
	at java.util.concurrent.ThreadPoolExecutor$Worker.run(ThreadPoolExecutor.java:617) [?:1.8.0_131]
	at java.lang.Thread.run(Thread.java:748) [?:1.8.0_131]
Caused by: java.lang.NumberFormatException: For input string: " Legislation outlining the regulatory framework for digital currencies including bitcoin in South Korea has been introduced by lawmaker Park Yong-jin. It defines digital currency,..."
	at java.lang.NumberFormatException.forInputString(NumberFormatException.java:65) ~[?:1.8.0_131]
	at java.lang.Long.parseLong(Long.java:578) ~[?:1.8.0_131]
	at java.lang.Long.parseLong(Long.java:631) ~[?:1.8.0_131]
	at org.elasticsearch.common.xcontent.support.AbstractXContentParser.longValue(AbstractXContentParser.java:172) ~[elasticsearch-5.5.1.jar:5.5.1]
	at org.elasticsearch.index.mapper.NumberFieldMapper$NumberType$7.parse(NumberFieldMapper.java:740) ~[elasticsearch-5.5.1.jar:5.5.1]
	at org.elasticsearch.index.mapper.NumberFieldMapper$NumberType$7.parse(NumberFieldMapper.java:719) ~[elasticsearch-5.5.1.jar:5.5.1]
	at org.elasticsearch.index.mapper.NumberFieldMapper.parseCreateField(NumberFieldMapper.java:1058) ~[elasticsearch-5.5.1.jar:5.5.1]
	at org.elasticsearch.index.mapper.FieldMapper.parse(FieldMapper.java:287) ~[elasticsearch-5.5.1.jar:5.5.1]
	... 38 more
[2017-08-07T14:44:51,834][INFO ][o.e.c.m.MetaDataDeleteIndexService] [sOtFLMY] [test_index/03LbDuYFQ_WKlzKMjbz6qA] deleting index
[2017-08-07T14:45:07,033][INFO ][o.e.c.m.MetaDataCreateIndexService] [sOtFLMY] [test_index] creating index, cause [auto(bulk api)], templates [], shards [5]/[1], mappings []
[2017-08-07T14:45:09,363][INFO ][o.e.c.m.MetaDataMappingService] [sOtFLMY] [test_index/D4CEKy2ZQWuaUhoqiwKsHQ] create_mapping [post]
[2017-08-07T14:45:09,663][DEBUG][o.e.a.b.TransportShardBulkAction] [sOtFLMY] [test_index][3] failed to execute bulk item (index) BulkShardRequest [[test_index][3]] containing [index {[test_index][post][1], source[{"Source": "news.bitcoin.com", "Description": [" Legislation outlining the regulatory framework for digital currencies including bitcoin in South Korea has been introduced by lawmaker Park Yong-jin. It defines digital currency,..."], "Keyword": ["‘Bitcoin Regulation Act’ Introduced in South Korea Bans MLMs"], "Title": ["‘Bitcoin Regulation Act’ Introduced in South Korea Bans MLMs"]}]}]
org.elasticsearch.index.mapper.MapperParsingException: failed to parse [Description]
	at org.elasticsearch.index.mapper.FieldMapper.parse(FieldMapper.java:298) ~[elasticsearch-5.5.1.jar:5.5.1]
	at org.elasticsearch.index.mapper.DocumentParser.parseObjectOrField(DocumentParser.java:468) ~[elasticsearch-5.5.1.jar:5.5.1]
	at org.elasticsearch.index.mapper.DocumentParser.parseValue(DocumentParser.java:591) ~[elasticsearch-5.5.1.jar:5.5.1]
	at org.elasticsearch.index.mapper.DocumentParser.parseNonDynamicArray(DocumentParser.java:580) ~[elasticsearch-5.5.1.jar:5.5.1]
	at org.elasticsearch.index.mapper.DocumentParser.parseArray(DocumentParser.java:526) ~[elasticsearch-5.5.1.jar:5.5.1]
	at org.elasticsearch.index.mapper.DocumentParser.innerParseObject(DocumentParser.java:385) ~[elasticsearch-5.5.1.jar:5.5.1]
	at org.elasticsearch.index.mapper.DocumentParser.parseObjectOrNested(DocumentParser.java:373) ~[elasticsearch-5.5.1.jar:5.5.1]
	at org.elasticsearch.index.mapper.DocumentParser.internalParseDocument(DocumentParser.java:93) ~[elasticsearch-5.5.1.jar:5.5.1]
	at org.elasticsearch.index.mapper.DocumentParser.parseDocument(DocumentParser.java:66) ~[elasticsearch-5.5.1.jar:5.5.1]
	at org.elasticsearch.index.mapper.DocumentMapper.parse(DocumentMapper.java:277) ~[elasticsearch-5.5.1.jar:5.5.1]
	at org.elasticsearch.index.shard.IndexShard.prepareIndex(IndexShard.java:529) ~[elasticsearch-5.5.1.jar:5.5.1]
	at org.elasticsearch.index.shard.IndexShard.prepareIndexOnPrimary(IndexShard.java:506) ~[elasticsearch-5.5.1.jar:5.5.1]
	at org.elasticsearch.action.bulk.TransportShardBulkAction.prepareIndexOperationOnPrimary(TransportShardBulkAction.java:450) ~[elasticsearch-5.5.1.jar:5.5.1]
	at org.elasticsearch.action.bulk.TransportShardBulkAction.executeIndexRequestOnPrimary(TransportShardBulkAction.java:458) ~[elasticsearch-5.5.1.jar:5.5.1]
	at org.elasticsearch.action.bulk.TransportShardBulkAction.executeBulkItemRequest(TransportShardBulkAction.java:143) [elasticsearch-5.5.1.jar:5.5.1]
	at org.elasticsearch.action.bulk.TransportShardBulkAction.shardOperationOnPrimary(TransportShardBulkAction.java:113) [elasticsearch-5.5.1.jar:5.5.1]
	at org.elasticsearch.action.bulk.TransportShardBulkAction.shardOperationOnPrimary(TransportShardBulkAction.java:69) [elasticsearch-5.5.1.jar:5.5.1]
	at org.elasticsearch.action.support.replication.TransportReplicationAction$PrimaryShardReference.perform(TransportReplicationAction.java:939) [elasticsearch-5.5.1.jar:5.5.1]
	at org.elasticsearch.action.support.replication.TransportReplicationAction$PrimaryShardReference.perform(TransportReplicationAction.java:908) [elasticsearch-5.5.1.jar:5.5.1]
	at org.elasticsearch.action.support.replication.ReplicationOperation.execute(ReplicationOperation.java:113) [elasticsearch-5.5.1.jar:5.5.1]
	at org.elasticsearch.action.support.replication.TransportReplicationAction$AsyncPrimaryAction.onResponse(TransportReplicationAction.java:322) [elasticsearch-5.5.1.jar:5.5.1]
	at org.elasticsearch.action.support.replication.TransportReplicationAction$AsyncPrimaryAction.onResponse(TransportReplicationAction.java:264) [elasticsearch-5.5.1.jar:5.5.1]
	at org.elasticsearch.action.support.replication.TransportReplicationAction$1.onResponse(TransportReplicationAction.java:888) [elasticsearch-5.5.1.jar:5.5.1]
	at org.elasticsearch.action.support.replication.TransportReplicationAction$1.onResponse(TransportReplicationAction.java:885) [elasticsearch-5.5.1.jar:5.5.1]
	at org.elasticsearch.index.shard.IndexShardOperationsLock.acquire(IndexShardOperationsLock.java:147) [elasticsearch-5.5.1.jar:5.5.1]
	at org.elasticsearch.index.shard.IndexShard.acquirePrimaryOperationLock(IndexShard.java:1657) [elasticsearch-5.5.1.jar:5.5.1]
	at org.elasticsearch.action.support.replication.TransportReplicationAction.acquirePrimaryShardReference(TransportReplicationAction.java:897) [elasticsearch-5.5.1.jar:5.5.1]
	at org.elasticsearch.action.support.replication.TransportReplicationAction.access$400(TransportReplicationAction.java:93) [elasticsearch-5.5.1.jar:5.5.1]
	at org.elasticsearch.action.support.replication.TransportReplicationAction$AsyncPrimaryAction.doRun(TransportReplicationAction.java:281) [elasticsearch-5.5.1.jar:5.5.1]
	at org.elasticsearch.common.util.concurrent.AbstractRunnable.run(AbstractRunnable.java:37) [elasticsearch-5.5.1.jar:5.5.1]
	at org.elasticsearch.action.support.replication.TransportReplicationAction$PrimaryOperationTransportHandler.messageReceived(TransportReplicationAction.java:260) [elasticsearch-5.5.1.jar:5.5.1]
	at org.elasticsearch.action.support.replication.TransportReplicationAction$PrimaryOperationTransportHandler.messageReceived(TransportReplicationAction.java:252) [elasticsearch-5.5.1.jar:5.5.1]
	at org.elasticsearch.transport.RequestHandlerRegistry.processMessageReceived(RequestHandlerRegistry.java:69) [elasticsearch-5.5.1.jar:5.5.1]
	at org.elasticsearch.transport.TransportService$7.doRun(TransportService.java:644) [elasticsearch-5.5.1.jar:5.5.1]
	at org.elasticsearch.common.util.concurrent.ThreadContext$ContextPreservingAbstractRunnable.doRun(ThreadContext.java:638) [elasticsearch-5.5.1.jar:5.5.1]
	at org.elasticsearch.common.util.concurrent.AbstractRunnable.run(AbstractRunnable.java:37) [elasticsearch-5.5.1.jar:5.5.1]
	at java.util.concurrent.ThreadPoolExecutor.runWorker(ThreadPoolExecutor.java:1142) [?:1.8.0_131]
	at java.util.concurrent.ThreadPoolExecutor$Worker.run(ThreadPoolExecutor.java:617) [?:1.8.0_131]
	at java.lang.Thread.run(Thread.java:748) [?:1.8.0_131]
Caused by: java.lang.NumberFormatException: For input string: " Legislation outlining the regulatory framework for digital currencies including bitcoin in South Korea has been introduced by lawmaker Park Yong-jin. It defines digital currency,..."
	at java.lang.NumberFormatException.forInputString(NumberFormatException.java:65) ~[?:1.8.0_131]
	at java.lang.Long.parseLong(Long.java:578) ~[?:1.8.0_131]
	at java.lang.Long.parseLong(Long.java:631) ~[?:1.8.0_131]
	at org.elasticsearch.common.xcontent.support.AbstractXContentParser.longValue(AbstractXContentParser.java:172) ~[elasticsearch-5.5.1.jar:5.5.1]
	at org.elasticsearch.index.mapper.NumberFieldMapper$NumberType$7.parse(NumberFieldMapper.java:740) ~[elasticsearch-5.5.1.jar:5.5.1]
	at org.elasticsearch.index.mapper.NumberFieldMapper$NumberType$7.parse(NumberFieldMapper.java:719) ~[elasticsearch-5.5.1.jar:5.5.1]
	at org.elasticsearch.index.mapper.NumberFieldMapper.parseCreateField(NumberFieldMapper.java:1058) ~[elasticsearch-5.5.1.jar:5.5.1]
	at org.elasticsearch.index.mapper.FieldMapper.parse(FieldMapper.java:287) ~[elasticsearch-5.5.1.jar:5.5.1]
	... 38 more
[2017-08-07T14:49:20,323][DEBUG][o.e.a.b.TransportShardBulkAction] [sOtFLMY] [test_index][3] failed to execute bulk item (index) BulkShardRequest [[test_index][3]] containing [index {[test_index][post][1], source[{"Source": "news.bitcoin.com", "Keyword": ["‘Bitcoin Regulation Act’ Introduced in South Korea Bans MLMs"], "Title": ["‘Bitcoin Regulation Act’ Introduced in South Korea Bans MLMs"]}]}]
org.elasticsearch.index.mapper.MapperParsingException: failed to parse [Keyword]
	at org.elasticsearch.index.mapper.FieldMapper.parse(FieldMapper.java:298) ~[elasticsearch-5.5.1.jar:5.5.1]
	at org.elasticsearch.index.mapper.DocumentParser.parseObjectOrField(DocumentParser.java:468) ~[elasticsearch-5.5.1.jar:5.5.1]
	at org.elasticsearch.index.mapper.DocumentParser.parseValue(DocumentParser.java:591) ~[elasticsearch-5.5.1.jar:5.5.1]
	at org.elasticsearch.index.mapper.DocumentParser.parseNonDynamicArray(DocumentParser.java:580) ~[elasticsearch-5.5.1.jar:5.5.1]
	at org.elasticsearch.index.mapper.DocumentParser.parseArray(DocumentParser.java:526) ~[elasticsearch-5.5.1.jar:5.5.1]
	at org.elasticsearch.index.mapper.DocumentParser.innerParseObject(DocumentParser.java:385) ~[elasticsearch-5.5.1.jar:5.5.1]
	at org.elasticsearch.index.mapper.DocumentParser.parseObjectOrNested(DocumentParser.java:373) ~[elasticsearch-5.5.1.jar:5.5.1]
	at org.elasticsearch.index.mapper.DocumentParser.internalParseDocument(DocumentParser.java:93) ~[elasticsearch-5.5.1.jar:5.5.1]
	at org.elasticsearch.index.mapper.DocumentParser.parseDocument(DocumentParser.java:66) ~[elasticsearch-5.5.1.jar:5.5.1]
	at org.elasticsearch.index.mapper.DocumentMapper.parse(DocumentMapper.java:277) ~[elasticsearch-5.5.1.jar:5.5.1]
	at org.elasticsearch.index.shard.IndexShard.prepareIndex(IndexShard.java:529) ~[elasticsearch-5.5.1.jar:5.5.1]
	at org.elasticsearch.index.shard.IndexShard.prepareIndexOnPrimary(IndexShard.java:506) ~[elasticsearch-5.5.1.jar:5.5.1]
	at org.elasticsearch.action.bulk.TransportShardBulkAction.prepareIndexOperationOnPrimary(TransportShardBulkAction.java:450) ~[elasticsearch-5.5.1.jar:5.5.1]
	at org.elasticsearch.action.bulk.TransportShardBulkAction.executeIndexRequestOnPrimary(TransportShardBulkAction.java:458) ~[elasticsearch-5.5.1.jar:5.5.1]
	at org.elasticsearch.action.bulk.TransportShardBulkAction.executeBulkItemRequest(TransportShardBulkAction.java:143) [elasticsearch-5.5.1.jar:5.5.1]
	at org.elasticsearch.action.bulk.TransportShardBulkAction.shardOperationOnPrimary(TransportShardBulkAction.java:113) [elasticsearch-5.5.1.jar:5.5.1]
	at org.elasticsearch.action.bulk.TransportShardBulkAction.shardOperationOnPrimary(TransportShardBulkAction.java:69) [elasticsearch-5.5.1.jar:5.5.1]
	at org.elasticsearch.action.support.replication.TransportReplicationAction$PrimaryShardReference.perform(TransportReplicationAction.java:939) [elasticsearch-5.5.1.jar:5.5.1]
	at org.elasticsearch.action.support.replication.TransportReplicationAction$PrimaryShardReference.perform(TransportReplicationAction.java:908) [elasticsearch-5.5.1.jar:5.5.1]
	at org.elasticsearch.action.support.replication.ReplicationOperation.execute(ReplicationOperation.java:113) [elasticsearch-5.5.1.jar:5.5.1]
	at org.elasticsearch.action.support.replication.TransportReplicationAction$AsyncPrimaryAction.onResponse(TransportReplicationAction.java:322) [elasticsearch-5.5.1.jar:5.5.1]
	at org.elasticsearch.action.support.replication.TransportReplicationAction$AsyncPrimaryAction.onResponse(TransportReplicationAction.java:264) [elasticsearch-5.5.1.jar:5.5.1]
	at org.elasticsearch.action.support.replication.TransportReplicationAction$1.onResponse(TransportReplicationAction.java:888) [elasticsearch-5.5.1.jar:5.5.1]
	at org.elasticsearch.action.support.replication.TransportReplicationAction$1.onResponse(TransportReplicationAction.java:885) [elasticsearch-5.5.1.jar:5.5.1]
	at org.elasticsearch.index.shard.IndexShardOperationsLock.acquire(IndexShardOperationsLock.java:147) [elasticsearch-5.5.1.jar:5.5.1]
	at org.elasticsearch.index.shard.IndexShard.acquirePrimaryOperationLock(IndexShard.java:1657) [elasticsearch-5.5.1.jar:5.5.1]
	at org.elasticsearch.action.support.replication.TransportReplicationAction.acquirePrimaryShardReference(TransportReplicationAction.java:897) [elasticsearch-5.5.1.jar:5.5.1]
	at org.elasticsearch.action.support.replication.TransportReplicationAction.access$400(TransportReplicationAction.java:93) [elasticsearch-5.5.1.jar:5.5.1]
	at org.elasticsearch.action.support.replication.TransportReplicationAction$AsyncPrimaryAction.doRun(TransportReplicationAction.java:281) [elasticsearch-5.5.1.jar:5.5.1]
	at org.elasticsearch.common.util.concurrent.AbstractRunnable.run(AbstractRunnable.java:37) [elasticsearch-5.5.1.jar:5.5.1]
	at org.elasticsearch.action.support.replication.TransportReplicationAction$PrimaryOperationTransportHandler.messageReceived(TransportReplicationAction.java:260) [elasticsearch-5.5.1.jar:5.5.1]
	at org.elasticsearch.action.support.replication.TransportReplicationAction$PrimaryOperationTransportHandler.messageReceived(TransportReplicationAction.java:252) [elasticsearch-5.5.1.jar:5.5.1]
	at org.elasticsearch.transport.RequestHandlerRegistry.processMessageReceived(RequestHandlerRegistry.java:69) [elasticsearch-5.5.1.jar:5.5.1]
	at org.elasticsearch.transport.TransportService$7.doRun(TransportService.java:644) [elasticsearch-5.5.1.jar:5.5.1]
	at org.elasticsearch.common.util.concurrent.ThreadContext$ContextPreservingAbstractRunnable.doRun(ThreadContext.java:638) [elasticsearch-5.5.1.jar:5.5.1]
	at org.elasticsearch.common.util.concurrent.AbstractRunnable.run(AbstractRunnable.java:37) [elasticsearch-5.5.1.jar:5.5.1]
	at java.util.concurrent.ThreadPoolExecutor.runWorker(ThreadPoolExecutor.java:1142) [?:1.8.0_131]
	at java.util.concurrent.ThreadPoolExecutor$Worker.run(ThreadPoolExecutor.java:617) [?:1.8.0_131]
	at java.lang.Thread.run(Thread.java:748) [?:1.8.0_131]
Caused by: java.lang.NumberFormatException: For input string: "‘Bitcoin Regulation Act’ Introduced in South Korea Bans MLMs"
	at java.lang.NumberFormatException.forInputString(NumberFormatException.java:65) ~[?:1.8.0_131]
	at java.lang.Long.parseLong(Long.java:589) ~[?:1.8.0_131]
	at java.lang.Long.parseLong(Long.java:631) ~[?:1.8.0_131]
	at org.elasticsearch.common.xcontent.support.AbstractXContentParser.longValue(AbstractXContentParser.java:172) ~[elasticsearch-5.5.1.jar:5.5.1]
	at org.elasticsearch.index.mapper.NumberFieldMapper$NumberType$7.parse(NumberFieldMapper.java:740) ~[elasticsearch-5.5.1.jar:5.5.1]
	at org.elasticsearch.index.mapper.NumberFieldMapper$NumberType$7.parse(NumberFieldMapper.java:719) ~[elasticsearch-5.5.1.jar:5.5.1]
	at org.elasticsearch.index.mapper.NumberFieldMapper.parseCreateField(NumberFieldMapper.java:1058) ~[elasticsearch-5.5.1.jar:5.5.1]
	at org.elasticsearch.index.mapper.FieldMapper.parse(FieldMapper.java:287) ~[elasticsearch-5.5.1.jar:5.5.1]
	... 38 more
[2017-08-07T14:50:53,988][INFO ][o.e.c.m.MetaDataMappingService] [sOtFLMY] [test_index/D4CEKy2ZQWuaUhoqiwKsHQ] update_mapping [post]
[2017-08-07T14:50:54,257][DEBUG][o.e.a.b.TransportShardBulkAction] [sOtFLMY] [test_index][3] failed to execute bulk item (index) BulkShardRequest [[test_index][3]] containing [index {[test_index][post][1], source[{"blog": ["‘Bitcoin Regulation Act’ Introduced in South Korea Bans MLMs"], "title": ["‘Bitcoin Regulation Act’ Introduced in South Korea Bans MLMs"], "tags": ["python", "elasticsearch", "tips"], "author": "news.bitcoin.com"}]}]
org.elasticsearch.index.mapper.MapperParsingException: failed to parse [blog]
	at org.elasticsearch.index.mapper.FieldMapper.parse(FieldMapper.java:298) ~[elasticsearch-5.5.1.jar:5.5.1]
	at org.elasticsearch.index.mapper.DocumentParser.parseObjectOrField(DocumentParser.java:468) ~[elasticsearch-5.5.1.jar:5.5.1]
	at org.elasticsearch.index.mapper.DocumentParser.parseValue(DocumentParser.java:591) ~[elasticsearch-5.5.1.jar:5.5.1]
	at org.elasticsearch.index.mapper.DocumentParser.parseNonDynamicArray(DocumentParser.java:580) ~[elasticsearch-5.5.1.jar:5.5.1]
	at org.elasticsearch.index.mapper.DocumentParser.parseArray(DocumentParser.java:526) ~[elasticsearch-5.5.1.jar:5.5.1]
	at org.elasticsearch.index.mapper.DocumentParser.innerParseObject(DocumentParser.java:385) ~[elasticsearch-5.5.1.jar:5.5.1]
	at org.elasticsearch.index.mapper.DocumentParser.parseObjectOrNested(DocumentParser.java:373) ~[elasticsearch-5.5.1.jar:5.5.1]
	at org.elasticsearch.index.mapper.DocumentParser.internalParseDocument(DocumentParser.java:93) ~[elasticsearch-5.5.1.jar:5.5.1]
	at org.elasticsearch.index.mapper.DocumentParser.parseDocument(DocumentParser.java:66) ~[elasticsearch-5.5.1.jar:5.5.1]
	at org.elasticsearch.index.mapper.DocumentMapper.parse(DocumentMapper.java:277) ~[elasticsearch-5.5.1.jar:5.5.1]
	at org.elasticsearch.index.shard.IndexShard.prepareIndex(IndexShard.java:529) ~[elasticsearch-5.5.1.jar:5.5.1]
	at org.elasticsearch.index.shard.IndexShard.prepareIndexOnPrimary(IndexShard.java:506) ~[elasticsearch-5.5.1.jar:5.5.1]
	at org.elasticsearch.action.bulk.TransportShardBulkAction.prepareIndexOperationOnPrimary(TransportShardBulkAction.java:450) ~[elasticsearch-5.5.1.jar:5.5.1]
	at org.elasticsearch.action.bulk.TransportShardBulkAction.executeIndexRequestOnPrimary(TransportShardBulkAction.java:458) ~[elasticsearch-5.5.1.jar:5.5.1]
	at org.elasticsearch.action.bulk.TransportShardBulkAction.executeBulkItemRequest(TransportShardBulkAction.java:143) [elasticsearch-5.5.1.jar:5.5.1]
	at org.elasticsearch.action.bulk.TransportShardBulkAction.shardOperationOnPrimary(TransportShardBulkAction.java:113) [elasticsearch-5.5.1.jar:5.5.1]
	at org.elasticsearch.action.bulk.TransportShardBulkAction.shardOperationOnPrimary(TransportShardBulkAction.java:69) [elasticsearch-5.5.1.jar:5.5.1]
	at org.elasticsearch.action.support.replication.TransportReplicationAction$PrimaryShardReference.perform(TransportReplicationAction.java:939) [elasticsearch-5.5.1.jar:5.5.1]
	at org.elasticsearch.action.support.replication.TransportReplicationAction$PrimaryShardReference.perform(TransportReplicationAction.java:908) [elasticsearch-5.5.1.jar:5.5.1]
	at org.elasticsearch.action.support.replication.ReplicationOperation.execute(ReplicationOperation.java:113) [elasticsearch-5.5.1.jar:5.5.1]
	at org.elasticsearch.action.support.replication.TransportReplicationAction$AsyncPrimaryAction.onResponse(TransportReplicationAction.java:322) [elasticsearch-5.5.1.jar:5.5.1]
	at org.elasticsearch.action.support.replication.TransportReplicationAction$AsyncPrimaryAction.onResponse(TransportReplicationAction.java:264) [elasticsearch-5.5.1.jar:5.5.1]
	at org.elasticsearch.action.support.replication.TransportReplicationAction$1.onResponse(TransportReplicationAction.java:888) [elasticsearch-5.5.1.jar:5.5.1]
	at org.elasticsearch.action.support.replication.TransportReplicationAction$1.onResponse(TransportReplicationAction.java:885) [elasticsearch-5.5.1.jar:5.5.1]
	at org.elasticsearch.index.shard.IndexShardOperationsLock.acquire(IndexShardOperationsLock.java:147) [elasticsearch-5.5.1.jar:5.5.1]
	at org.elasticsearch.index.shard.IndexShard.acquirePrimaryOperationLock(IndexShard.java:1657) [elasticsearch-5.5.1.jar:5.5.1]
	at org.elasticsearch.action.support.replication.TransportReplicationAction.acquirePrimaryShardReference(TransportReplicationAction.java:897) [elasticsearch-5.5.1.jar:5.5.1]
	at org.elasticsearch.action.support.replication.TransportReplicationAction.access$400(TransportReplicationAction.java:93) [elasticsearch-5.5.1.jar:5.5.1]
	at org.elasticsearch.action.support.replication.TransportReplicationAction$AsyncPrimaryAction.doRun(TransportReplicationAction.java:281) [elasticsearch-5.5.1.jar:5.5.1]
	at org.elasticsearch.common.util.concurrent.AbstractRunnable.run(AbstractRunnable.java:37) [elasticsearch-5.5.1.jar:5.5.1]
	at org.elasticsearch.action.support.replication.TransportReplicationAction$PrimaryOperationTransportHandler.messageReceived(TransportReplicationAction.java:260) [elasticsearch-5.5.1.jar:5.5.1]
	at org.elasticsearch.action.support.replication.TransportReplicationAction$PrimaryOperationTransportHandler.messageReceived(TransportReplicationAction.java:252) [elasticsearch-5.5.1.jar:5.5.1]
	at org.elasticsearch.transport.RequestHandlerRegistry.processMessageReceived(RequestHandlerRegistry.java:69) [elasticsearch-5.5.1.jar:5.5.1]
	at org.elasticsearch.transport.TransportService$7.doRun(TransportService.java:644) [elasticsearch-5.5.1.jar:5.5.1]
	at org.elasticsearch.common.util.concurrent.ThreadContext$ContextPreservingAbstractRunnable.doRun(ThreadContext.java:638) [elasticsearch-5.5.1.jar:5.5.1]
	at org.elasticsearch.common.util.concurrent.AbstractRunnable.run(AbstractRunnable.java:37) [elasticsearch-5.5.1.jar:5.5.1]
	at java.util.concurrent.ThreadPoolExecutor.runWorker(ThreadPoolExecutor.java:1142) [?:1.8.0_131]
	at java.util.concurrent.ThreadPoolExecutor$Worker.run(ThreadPoolExecutor.java:617) [?:1.8.0_131]
	at java.lang.Thread.run(Thread.java:748) [?:1.8.0_131]
Caused by: java.lang.NumberFormatException: For input string: "‘Bitcoin Regulation Act’ Introduced in South Korea Bans MLMs"
	at java.lang.NumberFormatException.forInputString(NumberFormatException.java:65) ~[?:1.8.0_131]
	at java.lang.Long.parseLong(Long.java:589) ~[?:1.8.0_131]
	at java.lang.Long.parseLong(Long.java:631) ~[?:1.8.0_131]
	at org.elasticsearch.common.xcontent.support.AbstractXContentParser.longValue(AbstractXContentParser.java:172) ~[elasticsearch-5.5.1.jar:5.5.1]
	at org.elasticsearch.index.mapper.NumberFieldMapper$NumberType$7.parse(NumberFieldMapper.java:740) ~[elasticsearch-5.5.1.jar:5.5.1]
	at org.elasticsearch.index.mapper.NumberFieldMapper$NumberType$7.parse(NumberFieldMapper.java:719) ~[elasticsearch-5.5.1.jar:5.5.1]
	at org.elasticsearch.index.mapper.NumberFieldMapper.parseCreateField(NumberFieldMapper.java:1058) ~[elasticsearch-5.5.1.jar:5.5.1]
	at org.elasticsearch.index.mapper.FieldMapper.parse(FieldMapper.java:287) ~[elasticsearch-5.5.1.jar:5.5.1]
	... 38 more
[2017-08-07T14:51:33,302][DEBUG][o.e.a.b.TransportShardBulkAction] [sOtFLMY] [test_index][0] failed to execute bulk item (index) BulkShardRequest [[test_index][0]] containing [index {[test_index][post][0], source[{"blog": "South Korea", "title": 10, "tags": ["python", "elasticsearch", "tips"], "author": "news.bitcoin.com"}]}]
org.elasticsearch.index.mapper.MapperParsingException: failed to parse [blog]
	at org.elasticsearch.index.mapper.FieldMapper.parse(FieldMapper.java:298) ~[elasticsearch-5.5.1.jar:5.5.1]
	at org.elasticsearch.index.mapper.DocumentParser.parseObjectOrField(DocumentParser.java:468) ~[elasticsearch-5.5.1.jar:5.5.1]
	at org.elasticsearch.index.mapper.DocumentParser.parseValue(DocumentParser.java:591) ~[elasticsearch-5.5.1.jar:5.5.1]
	at org.elasticsearch.index.mapper.DocumentParser.innerParseObject(DocumentParser.java:396) ~[elasticsearch-5.5.1.jar:5.5.1]
	at org.elasticsearch.index.mapper.DocumentParser.parseObjectOrNested(DocumentParser.java:373) ~[elasticsearch-5.5.1.jar:5.5.1]
	at org.elasticsearch.index.mapper.DocumentParser.internalParseDocument(DocumentParser.java:93) ~[elasticsearch-5.5.1.jar:5.5.1]
	at org.elasticsearch.index.mapper.DocumentParser.parseDocument(DocumentParser.java:66) ~[elasticsearch-5.5.1.jar:5.5.1]
	at org.elasticsearch.index.mapper.DocumentMapper.parse(DocumentMapper.java:277) ~[elasticsearch-5.5.1.jar:5.5.1]
	at org.elasticsearch.index.shard.IndexShard.prepareIndex(IndexShard.java:529) ~[elasticsearch-5.5.1.jar:5.5.1]
	at org.elasticsearch.index.shard.IndexShard.prepareIndexOnPrimary(IndexShard.java:506) ~[elasticsearch-5.5.1.jar:5.5.1]
	at org.elasticsearch.action.bulk.TransportShardBulkAction.prepareIndexOperationOnPrimary(TransportShardBulkAction.java:450) ~[elasticsearch-5.5.1.jar:5.5.1]
	at org.elasticsearch.action.bulk.TransportShardBulkAction.executeIndexRequestOnPrimary(TransportShardBulkAction.java:458) ~[elasticsearch-5.5.1.jar:5.5.1]
	at org.elasticsearch.action.bulk.TransportShardBulkAction.executeBulkItemRequest(TransportShardBulkAction.java:143) [elasticsearch-5.5.1.jar:5.5.1]
	at org.elasticsearch.action.bulk.TransportShardBulkAction.shardOperationOnPrimary(TransportShardBulkAction.java:113) [elasticsearch-5.5.1.jar:5.5.1]
	at org.elasticsearch.action.bulk.TransportShardBulkAction.shardOperationOnPrimary(TransportShardBulkAction.java:69) [elasticsearch-5.5.1.jar:5.5.1]
	at org.elasticsearch.action.support.replication.TransportReplicationAction$PrimaryShardReference.perform(TransportReplicationAction.java:939) [elasticsearch-5.5.1.jar:5.5.1]
	at org.elasticsearch.action.support.replication.TransportReplicationAction$PrimaryShardReference.perform(TransportReplicationAction.java:908) [elasticsearch-5.5.1.jar:5.5.1]
	at org.elasticsearch.action.support.replication.ReplicationOperation.execute(ReplicationOperation.java:113) [elasticsearch-5.5.1.jar:5.5.1]
	at org.elasticsearch.action.support.replication.TransportReplicationAction$AsyncPrimaryAction.onResponse(TransportReplicationAction.java:322) [elasticsearch-5.5.1.jar:5.5.1]
	at org.elasticsearch.action.support.replication.TransportReplicationAction$AsyncPrimaryAction.onResponse(TransportReplicationAction.java:264) [elasticsearch-5.5.1.jar:5.5.1]
	at org.elasticsearch.action.support.replication.TransportReplicationAction$1.onResponse(TransportReplicationAction.java:888) [elasticsearch-5.5.1.jar:5.5.1]
	at org.elasticsearch.action.support.replication.TransportReplicationAction$1.onResponse(TransportReplicationAction.java:885) [elasticsearch-5.5.1.jar:5.5.1]
	at org.elasticsearch.index.shard.IndexShardOperationsLock.acquire(IndexShardOperationsLock.java:147) [elasticsearch-5.5.1.jar:5.5.1]
	at org.elasticsearch.index.shard.IndexShard.acquirePrimaryOperationLock(IndexShard.java:1657) [elasticsearch-5.5.1.jar:5.5.1]
	at org.elasticsearch.action.support.replication.TransportReplicationAction.acquirePrimaryShardReference(TransportReplicationAction.java:897) [elasticsearch-5.5.1.jar:5.5.1]
	at org.elasticsearch.action.support.replication.TransportReplicationAction.access$400(TransportReplicationAction.java:93) [elasticsearch-5.5.1.jar:5.5.1]
	at org.elasticsearch.action.support.replication.TransportReplicationAction$AsyncPrimaryAction.doRun(TransportReplicationAction.java:281) [elasticsearch-5.5.1.jar:5.5.1]
	at org.elasticsearch.common.util.concurrent.AbstractRunnable.run(AbstractRunnable.java:37) [elasticsearch-5.5.1.jar:5.5.1]
	at org.elasticsearch.action.support.replication.TransportReplicationAction$PrimaryOperationTransportHandler.messageReceived(TransportReplicationAction.java:260) [elasticsearch-5.5.1.jar:5.5.1]
	at org.elasticsearch.action.support.replication.TransportReplicationAction$PrimaryOperationTransportHandler.messageReceived(TransportReplicationAction.java:252) [elasticsearch-5.5.1.jar:5.5.1]
	at org.elasticsearch.transport.RequestHandlerRegistry.processMessageReceived(RequestHandlerRegistry.java:69) [elasticsearch-5.5.1.jar:5.5.1]
	at org.elasticsearch.transport.TransportService$7.doRun(TransportService.java:644) [elasticsearch-5.5.1.jar:5.5.1]
	at org.elasticsearch.common.util.concurrent.ThreadContext$ContextPreservingAbstractRunnable.doRun(ThreadContext.java:638) [elasticsearch-5.5.1.jar:5.5.1]
	at org.elasticsearch.common.util.concurrent.AbstractRunnable.run(AbstractRunnable.java:37) [elasticsearch-5.5.1.jar:5.5.1]
	at java.util.concurrent.ThreadPoolExecutor.runWorker(ThreadPoolExecutor.java:1142) [?:1.8.0_131]
	at java.util.concurrent.ThreadPoolExecutor$Worker.run(ThreadPoolExecutor.java:617) [?:1.8.0_131]
	at java.lang.Thread.run(Thread.java:748) [?:1.8.0_131]
Caused by: java.lang.NumberFormatException: For input string: "South Korea"
	at java.lang.NumberFormatException.forInputString(NumberFormatException.java:65) ~[?:1.8.0_131]
	at java.lang.Long.parseLong(Long.java:589) ~[?:1.8.0_131]
	at java.lang.Long.parseLong(Long.java:631) ~[?:1.8.0_131]
	at org.elasticsearch.common.xcontent.support.AbstractXContentParser.longValue(AbstractXContentParser.java:172) ~[elasticsearch-5.5.1.jar:5.5.1]
	at org.elasticsearch.index.mapper.NumberFieldMapper$NumberType$7.parse(NumberFieldMapper.java:740) ~[elasticsearch-5.5.1.jar:5.5.1]
	at org.elasticsearch.index.mapper.NumberFieldMapper$NumberType$7.parse(NumberFieldMapper.java:719) ~[elasticsearch-5.5.1.jar:5.5.1]
	at org.elasticsearch.index.mapper.NumberFieldMapper.parseCreateField(NumberFieldMapper.java:1058) ~[elasticsearch-5.5.1.jar:5.5.1]
	at org.elasticsearch.index.mapper.FieldMapper.parse(FieldMapper.java:287) ~[elasticsearch-5.5.1.jar:5.5.1]
	... 36 more
[2017-08-07T14:51:46,181][DEBUG][o.e.a.b.TransportShardBulkAction] [sOtFLMY] [test_index][0] failed to execute bulk item (index) BulkShardRequest [[test_index][0]] containing [index {[test_index][post][0], source[{"blog": "South Korea", "title": 10, "tags": ["python", "elasticsearch", "tips"], "author": "news.bitcoin.com"}]}]
org.elasticsearch.index.mapper.MapperParsingException: failed to parse [blog]
	at org.elasticsearch.index.mapper.FieldMapper.parse(FieldMapper.java:298) ~[elasticsearch-5.5.1.jar:5.5.1]
	at org.elasticsearch.index.mapper.DocumentParser.parseObjectOrField(DocumentParser.java:468) ~[elasticsearch-5.5.1.jar:5.5.1]
	at org.elasticsearch.index.mapper.DocumentParser.parseValue(DocumentParser.java:591) ~[elasticsearch-5.5.1.jar:5.5.1]
	at org.elasticsearch.index.mapper.DocumentParser.innerParseObject(DocumentParser.java:396) ~[elasticsearch-5.5.1.jar:5.5.1]
	at org.elasticsearch.index.mapper.DocumentParser.parseObjectOrNested(DocumentParser.java:373) ~[elasticsearch-5.5.1.jar:5.5.1]
	at org.elasticsearch.index.mapper.DocumentParser.internalParseDocument(DocumentParser.java:93) ~[elasticsearch-5.5.1.jar:5.5.1]
	at org.elasticsearch.index.mapper.DocumentParser.parseDocument(DocumentParser.java:66) ~[elasticsearch-5.5.1.jar:5.5.1]
	at org.elasticsearch.index.mapper.DocumentMapper.parse(DocumentMapper.java:277) ~[elasticsearch-5.5.1.jar:5.5.1]
	at org.elasticsearch.index.shard.IndexShard.prepareIndex(IndexShard.java:529) ~[elasticsearch-5.5.1.jar:5.5.1]
	at org.elasticsearch.index.shard.IndexShard.prepareIndexOnPrimary(IndexShard.java:506) ~[elasticsearch-5.5.1.jar:5.5.1]
	at org.elasticsearch.action.bulk.TransportShardBulkAction.prepareIndexOperationOnPrimary(TransportShardBulkAction.java:450) ~[elasticsearch-5.5.1.jar:5.5.1]
	at org.elasticsearch.action.bulk.TransportShardBulkAction.executeIndexRequestOnPrimary(TransportShardBulkAction.java:458) ~[elasticsearch-5.5.1.jar:5.5.1]
	at org.elasticsearch.action.bulk.TransportShardBulkAction.executeBulkItemRequest(TransportShardBulkAction.java:143) [elasticsearch-5.5.1.jar:5.5.1]
	at org.elasticsearch.action.bulk.TransportShardBulkAction.shardOperationOnPrimary(TransportShardBulkAction.java:113) [elasticsearch-5.5.1.jar:5.5.1]
	at org.elasticsearch.action.bulk.TransportShardBulkAction.shardOperationOnPrimary(TransportShardBulkAction.java:69) [elasticsearch-5.5.1.jar:5.5.1]
	at org.elasticsearch.action.support.replication.TransportReplicationAction$PrimaryShardReference.perform(TransportReplicationAction.java:939) [elasticsearch-5.5.1.jar:5.5.1]
	at org.elasticsearch.action.support.replication.TransportReplicationAction$PrimaryShardReference.perform(TransportReplicationAction.java:908) [elasticsearch-5.5.1.jar:5.5.1]
	at org.elasticsearch.action.support.replication.ReplicationOperation.execute(ReplicationOperation.java:113) [elasticsearch-5.5.1.jar:5.5.1]
	at org.elasticsearch.action.support.replication.TransportReplicationAction$AsyncPrimaryAction.onResponse(TransportReplicationAction.java:322) [elasticsearch-5.5.1.jar:5.5.1]
	at org.elasticsearch.action.support.replication.TransportReplicationAction$AsyncPrimaryAction.onResponse(TransportReplicationAction.java:264) [elasticsearch-5.5.1.jar:5.5.1]
	at org.elasticsearch.action.support.replication.TransportReplicationAction$1.onResponse(TransportReplicationAction.java:888) [elasticsearch-5.5.1.jar:5.5.1]
	at org.elasticsearch.action.support.replication.TransportReplicationAction$1.onResponse(TransportReplicationAction.java:885) [elasticsearch-5.5.1.jar:5.5.1]
	at org.elasticsearch.index.shard.IndexShardOperationsLock.acquire(IndexShardOperationsLock.java:147) [elasticsearch-5.5.1.jar:5.5.1]
	at org.elasticsearch.index.shard.IndexShard.acquirePrimaryOperationLock(IndexShard.java:1657) [elasticsearch-5.5.1.jar:5.5.1]
	at org.elasticsearch.action.support.replication.TransportReplicationAction.acquirePrimaryShardReference(TransportReplicationAction.java:897) [elasticsearch-5.5.1.jar:5.5.1]
	at org.elasticsearch.action.support.replication.TransportReplicationAction.access$400(TransportReplicationAction.java:93) [elasticsearch-5.5.1.jar:5.5.1]
	at org.elasticsearch.action.support.replication.TransportReplicationAction$AsyncPrimaryAction.doRun(TransportReplicationAction.java:281) [elasticsearch-5.5.1.jar:5.5.1]
	at org.elasticsearch.common.util.concurrent.AbstractRunnable.run(AbstractRunnable.java:37) [elasticsearch-5.5.1.jar:5.5.1]
	at org.elasticsearch.action.support.replication.TransportReplicationAction$PrimaryOperationTransportHandler.messageReceived(TransportReplicationAction.java:260) [elasticsearch-5.5.1.jar:5.5.1]
	at org.elasticsearch.action.support.replication.TransportReplicationAction$PrimaryOperationTransportHandler.messageReceived(TransportReplicationAction.java:252) [elasticsearch-5.5.1.jar:5.5.1]
	at org.elasticsearch.transport.RequestHandlerRegistry.processMessageReceived(RequestHandlerRegistry.java:69) [elasticsearch-5.5.1.jar:5.5.1]
	at org.elasticsearch.transport.TransportService$7.doRun(TransportService.java:644) [elasticsearch-5.5.1.jar:5.5.1]
	at org.elasticsearch.common.util.concurrent.ThreadContext$ContextPreservingAbstractRunnable.doRun(ThreadContext.java:638) [elasticsearch-5.5.1.jar:5.5.1]
	at org.elasticsearch.common.util.concurrent.AbstractRunnable.run(AbstractRunnable.java:37) [elasticsearch-5.5.1.jar:5.5.1]
	at java.util.concurrent.ThreadPoolExecutor.runWorker(ThreadPoolExecutor.java:1142) [?:1.8.0_131]
	at java.util.concurrent.ThreadPoolExecutor$Worker.run(ThreadPoolExecutor.java:617) [?:1.8.0_131]
	at java.lang.Thread.run(Thread.java:748) [?:1.8.0_131]
Caused by: java.lang.NumberFormatException: For input string: "South Korea"
	at java.lang.NumberFormatException.forInputString(NumberFormatException.java:65) ~[?:1.8.0_131]
	at java.lang.Long.parseLong(Long.java:589) ~[?:1.8.0_131]
	at java.lang.Long.parseLong(Long.java:631) ~[?:1.8.0_131]
	at org.elasticsearch.common.xcontent.support.AbstractXContentParser.longValue(AbstractXContentParser.java:172) ~[elasticsearch-5.5.1.jar:5.5.1]
	at org.elasticsearch.index.mapper.NumberFieldMapper$NumberType$7.parse(NumberFieldMapper.java:740) ~[elasticsearch-5.5.1.jar:5.5.1]
	at org.elasticsearch.index.mapper.NumberFieldMapper$NumberType$7.parse(NumberFieldMapper.java:719) ~[elasticsearch-5.5.1.jar:5.5.1]
	at org.elasticsearch.index.mapper.NumberFieldMapper.parseCreateField(NumberFieldMapper.java:1058) ~[elasticsearch-5.5.1.jar:5.5.1]
	at org.elasticsearch.index.mapper.FieldMapper.parse(FieldMapper.java:287) ~[elasticsearch-5.5.1.jar:5.5.1]
	... 36 more
[2017-08-07T21:02:27,301][INFO ][o.e.c.m.MetaDataMappingService] [sOtFLMY] [test_index/D4CEKy2ZQWuaUhoqiwKsHQ] update_mapping [post]
[2017-08-07T21:02:27,561][DEBUG][o.e.a.b.TransportShardBulkAction] [sOtFLMY] [test_index][3] failed to execute bulk item (index) BulkShardRequest [[test_index][3]] containing [index {[test_index][post][1], source[{"body": [" Legislation outlining the regulatory framework for digital currencies including bitcoin in South Korea has been introduced by lawmaker Park Yong-jin. It defines digital currency,..."], "source": "news.bitcoin.com", "search": "South Korea", "title": ["‘Bitcoin Regulation Act’ Introduced in South Korea Bans MLMs"]}]}]
org.elasticsearch.index.mapper.MapperParsingException: failed to parse [body]
	at org.elasticsearch.index.mapper.FieldMapper.parse(FieldMapper.java:298) ~[elasticsearch-5.5.1.jar:5.5.1]
	at org.elasticsearch.index.mapper.DocumentParser.parseObjectOrField(DocumentParser.java:468) ~[elasticsearch-5.5.1.jar:5.5.1]
	at org.elasticsearch.index.mapper.DocumentParser.parseValue(DocumentParser.java:591) ~[elasticsearch-5.5.1.jar:5.5.1]
	at org.elasticsearch.index.mapper.DocumentParser.parseNonDynamicArray(DocumentParser.java:580) ~[elasticsearch-5.5.1.jar:5.5.1]
	at org.elasticsearch.index.mapper.DocumentParser.parseArray(DocumentParser.java:526) ~[elasticsearch-5.5.1.jar:5.5.1]
	at org.elasticsearch.index.mapper.DocumentParser.innerParseObject(DocumentParser.java:385) ~[elasticsearch-5.5.1.jar:5.5.1]
	at org.elasticsearch.index.mapper.DocumentParser.parseObjectOrNested(DocumentParser.java:373) ~[elasticsearch-5.5.1.jar:5.5.1]
	at org.elasticsearch.index.mapper.DocumentParser.internalParseDocument(DocumentParser.java:93) ~[elasticsearch-5.5.1.jar:5.5.1]
	at org.elasticsearch.index.mapper.DocumentParser.parseDocument(DocumentParser.java:66) ~[elasticsearch-5.5.1.jar:5.5.1]
	at org.elasticsearch.index.mapper.DocumentMapper.parse(DocumentMapper.java:277) ~[elasticsearch-5.5.1.jar:5.5.1]
	at org.elasticsearch.index.shard.IndexShard.prepareIndex(IndexShard.java:529) ~[elasticsearch-5.5.1.jar:5.5.1]
	at org.elasticsearch.index.shard.IndexShard.prepareIndexOnPrimary(IndexShard.java:506) ~[elasticsearch-5.5.1.jar:5.5.1]
	at org.elasticsearch.action.bulk.TransportShardBulkAction.prepareIndexOperationOnPrimary(TransportShardBulkAction.java:450) ~[elasticsearch-5.5.1.jar:5.5.1]
	at org.elasticsearch.action.bulk.TransportShardBulkAction.executeIndexRequestOnPrimary(TransportShardBulkAction.java:458) ~[elasticsearch-5.5.1.jar:5.5.1]
	at org.elasticsearch.action.bulk.TransportShardBulkAction.executeBulkItemRequest(TransportShardBulkAction.java:143) [elasticsearch-5.5.1.jar:5.5.1]
	at org.elasticsearch.action.bulk.TransportShardBulkAction.shardOperationOnPrimary(TransportShardBulkAction.java:113) [elasticsearch-5.5.1.jar:5.5.1]
	at org.elasticsearch.action.bulk.TransportShardBulkAction.shardOperationOnPrimary(TransportShardBulkAction.java:69) [elasticsearch-5.5.1.jar:5.5.1]
	at org.elasticsearch.action.support.replication.TransportReplicationAction$PrimaryShardReference.perform(TransportReplicationAction.java:939) [elasticsearch-5.5.1.jar:5.5.1]
	at org.elasticsearch.action.support.replication.TransportReplicationAction$PrimaryShardReference.perform(TransportReplicationAction.java:908) [elasticsearch-5.5.1.jar:5.5.1]
	at org.elasticsearch.action.support.replication.ReplicationOperation.execute(ReplicationOperation.java:113) [elasticsearch-5.5.1.jar:5.5.1]
	at org.elasticsearch.action.support.replication.TransportReplicationAction$AsyncPrimaryAction.onResponse(TransportReplicationAction.java:322) [elasticsearch-5.5.1.jar:5.5.1]
	at org.elasticsearch.action.support.replication.TransportReplicationAction$AsyncPrimaryAction.onResponse(TransportReplicationAction.java:264) [elasticsearch-5.5.1.jar:5.5.1]
	at org.elasticsearch.action.support.replication.TransportReplicationAction$1.onResponse(TransportReplicationAction.java:888) [elasticsearch-5.5.1.jar:5.5.1]
	at org.elasticsearch.action.support.replication.TransportReplicationAction$1.onResponse(TransportReplicationAction.java:885) [elasticsearch-5.5.1.jar:5.5.1]
	at org.elasticsearch.index.shard.IndexShardOperationsLock.acquire(IndexShardOperationsLock.java:147) [elasticsearch-5.5.1.jar:5.5.1]
	at org.elasticsearch.index.shard.IndexShard.acquirePrimaryOperationLock(IndexShard.java:1657) [elasticsearch-5.5.1.jar:5.5.1]
	at org.elasticsearch.action.support.replication.TransportReplicationAction.acquirePrimaryShardReference(TransportReplicationAction.java:897) [elasticsearch-5.5.1.jar:5.5.1]
	at org.elasticsearch.action.support.replication.TransportReplicationAction.access$400(TransportReplicationAction.java:93) [elasticsearch-5.5.1.jar:5.5.1]
	at org.elasticsearch.action.support.replication.TransportReplicationAction$AsyncPrimaryAction.doRun(TransportReplicationAction.java:281) [elasticsearch-5.5.1.jar:5.5.1]
	at org.elasticsearch.common.util.concurrent.AbstractRunnable.run(AbstractRunnable.java:37) [elasticsearch-5.5.1.jar:5.5.1]
	at org.elasticsearch.action.support.replication.TransportReplicationAction$PrimaryOperationTransportHandler.messageReceived(TransportReplicationAction.java:260) [elasticsearch-5.5.1.jar:5.5.1]
	at org.elasticsearch.action.support.replication.TransportReplicationAction$PrimaryOperationTransportHandler.messageReceived(TransportReplicationAction.java:252) [elasticsearch-5.5.1.jar:5.5.1]
	at org.elasticsearch.transport.RequestHandlerRegistry.processMessageReceived(RequestHandlerRegistry.java:69) [elasticsearch-5.5.1.jar:5.5.1]
	at org.elasticsearch.transport.TransportService$7.doRun(TransportService.java:644) [elasticsearch-5.5.1.jar:5.5.1]
	at org.elasticsearch.common.util.concurrent.ThreadContext$ContextPreservingAbstractRunnable.doRun(ThreadContext.java:638) [elasticsearch-5.5.1.jar:5.5.1]
	at org.elasticsearch.common.util.concurrent.AbstractRunnable.run(AbstractRunnable.java:37) [elasticsearch-5.5.1.jar:5.5.1]
	at java.util.concurrent.ThreadPoolExecutor.runWorker(ThreadPoolExecutor.java:1142) [?:1.8.0_131]
	at java.util.concurrent.ThreadPoolExecutor$Worker.run(ThreadPoolExecutor.java:617) [?:1.8.0_131]
	at java.lang.Thread.run(Thread.java:748) [?:1.8.0_131]
Caused by: java.lang.NumberFormatException: For input string: " Legislation outlining the regulatory framework for digital currencies including bitcoin in South Korea has been introduced by lawmaker Park Yong-jin. It defines digital currency,..."
	at java.lang.NumberFormatException.forInputString(NumberFormatException.java:65) ~[?:1.8.0_131]
	at java.lang.Long.parseLong(Long.java:578) ~[?:1.8.0_131]
	at java.lang.Long.parseLong(Long.java:631) ~[?:1.8.0_131]
	at org.elasticsearch.common.xcontent.support.AbstractXContentParser.longValue(AbstractXContentParser.java:172) ~[elasticsearch-5.5.1.jar:5.5.1]
	at org.elasticsearch.index.mapper.NumberFieldMapper$NumberType$7.parse(NumberFieldMapper.java:740) ~[elasticsearch-5.5.1.jar:5.5.1]
	at org.elasticsearch.index.mapper.NumberFieldMapper$NumberType$7.parse(NumberFieldMapper.java:719) ~[elasticsearch-5.5.1.jar:5.5.1]
	at org.elasticsearch.index.mapper.NumberFieldMapper.parseCreateField(NumberFieldMapper.java:1058) ~[elasticsearch-5.5.1.jar:5.5.1]
	at org.elasticsearch.index.mapper.FieldMapper.parse(FieldMapper.java:287) ~[elasticsearch-5.5.1.jar:5.5.1]
	... 38 more
[2017-08-07T21:05:50,400][INFO ][o.e.c.m.MetaDataDeleteIndexService] [sOtFLMY] [test_index/D4CEKy2ZQWuaUhoqiwKsHQ] deleting index
[2017-08-07T21:06:05,449][INFO ][o.e.c.m.MetaDataCreateIndexService] [sOtFLMY] [test_index] creating index, cause [auto(bulk api)], templates [], shards [5]/[1], mappings []
[2017-08-07T21:06:07,374][INFO ][o.e.c.m.MetaDataMappingService] [sOtFLMY] [test_index/7mtqNdwMRzqfL_Xgy2bqyA] create_mapping [post]
[2017-08-07T22:10:58,793][INFO ][o.e.m.j.JvmGcMonitorService] [sOtFLMY] [gc][22451] overhead, spent [287ms] collecting in the last [1s]
