[2017-08-19T00:43:58,692][WARN ][o.e.m.j.JvmGcMonitorService] [sOtFLMY] [gc][young][6117][6] duration [1.3s], collections [1]/[2.1s], total [1.3s]/[9.3s], memory [317.5mb]->[68mb]/[1.9gb], all_pools {[young] [266.1mb]->[2.9mb]/[266.2mb]}{[survivor] [33.2mb]->[15.4mb]/[33.2mb]}{[old] [18.1mb]->[51.2mb]/[1.6gb]}
[2017-08-19T00:43:59,608][WARN ][o.e.m.j.JvmGcMonitorService] [sOtFLMY] [gc][6117] overhead, spent [1.3s] collecting in the last [2.1s]
[2017-08-19T02:12:18,916][INFO ][o.e.c.m.MetaDataCreateIndexService] [sOtFLMY] [bloomberg_bitcoin_index] creating index, cause [auto(bulk api)], templates [], shards [5]/[1], mappings []
[2017-08-19T02:12:34,887][INFO ][o.e.c.m.MetaDataMappingService] [sOtFLMY] [bloomberg_bitcoin_index/KezqdXAmTgSKkZ7L4fqAHA] create_mapping [post]
[2017-08-19T02:15:33,398][WARN ][o.e.m.j.JvmGcMonitorService] [sOtFLMY] [gc][young][9957][8] duration [3.2s], collections [1]/[3.5s], total [3.2s]/[12.6s], memory [308.8mb]->[135.3mb]/[1.9gb], all_pools {[young] [253.5mb]->[17.1mb]/[266.2mb]}{[survivor] [3.9mb]->[33.2mb]/[33.2mb]}{[old] [51.2mb]->[84.9mb]/[1.6gb]}
[2017-08-19T02:15:33,442][WARN ][o.e.m.j.JvmGcMonitorService] [sOtFLMY] [gc][9957] overhead, spent [3.2s] collecting in the last [3.5s]
[2017-08-19T02:20:53,356][WARN ][o.e.m.j.JvmGcMonitorService] [sOtFLMY] [gc][young][10267][9] duration [4s], collections [1]/[4.4s], total [4s]/[16.7s], memory [384.3mb]->[168.6mb]/[1.9gb], all_pools {[young] [266.1mb]->[918.9kb]/[266.2mb]}{[survivor] [33.2mb]->[33.2mb]/[33.2mb]}{[old] [84.9mb]->[134.8mb]/[1.6gb]}
[2017-08-19T02:20:53,356][WARN ][o.e.m.j.JvmGcMonitorService] [sOtFLMY] [gc][10267] overhead, spent [4s] collecting in the last [4.4s]
[2017-08-19T02:46:53,965][INFO ][o.e.c.m.MetaDataCreateIndexService] [sOtFLMY] [bloomberg_blockchain_index] creating index, cause [auto(bulk api)], templates [], shards [5]/[1], mappings []
[2017-08-19T02:46:55,985][INFO ][o.e.c.m.MetaDataMappingService] [sOtFLMY] [bloomberg_blockchain_index/il1WjdAtTFCPzVahxlbi2g] create_mapping [post]
[2017-08-19T02:47:52,785][INFO ][o.e.c.m.MetaDataCreateIndexService] [sOtFLMY] [bloomberg_cryptocurrency_index] creating index, cause [auto(bulk api)], templates [], shards [5]/[1], mappings []
[2017-08-19T02:47:54,990][INFO ][o.e.c.m.MetaDataMappingService] [sOtFLMY] [bloomberg_cryptocurrency_index/4hSkoaAiQJmrANGvyx0C_w] create_mapping [post]
[2017-08-19T02:48:30,480][INFO ][o.e.c.m.MetaDataCreateIndexService] [sOtFLMY] [bloomberg_fintech_index] creating index, cause [auto(bulk api)], templates [], shards [5]/[1], mappings []
[2017-08-19T02:48:32,260][INFO ][o.e.c.m.MetaDataMappingService] [sOtFLMY] [bloomberg_fintech_index/bIdhTVuXRwGbEPh2zbtg4g] create_mapping [post]
[2017-08-19T02:48:53,606][INFO ][o.e.c.m.MetaDataCreateIndexService] [sOtFLMY] [bloomberg_ethereum_index] creating index, cause [auto(bulk api)], templates [], shards [5]/[1], mappings []
[2017-08-19T02:48:55,575][INFO ][o.e.c.m.MetaDataMappingService] [sOtFLMY] [bloomberg_ethereum_index/iLQpWqvCTSapkgF7cfymyA] create_mapping [post]
[2017-08-19T02:53:53,244][INFO ][o.e.c.m.MetaDataCreateIndexService] [sOtFLMY] [bloomberg_digital_index] creating index, cause [auto(bulk api)], templates [], shards [5]/[1], mappings []
[2017-08-19T02:53:54,958][INFO ][o.e.c.m.MetaDataMappingService] [sOtFLMY] [bloomberg_digital_index/K2fmGawcSnak-mZRW-_PLg] create_mapping [post]
[2017-08-19T02:54:56,602][INFO ][o.e.c.m.MetaDataCreateIndexService] [sOtFLMY] [bloomberg_digitalcurrency_index] creating index, cause [auto(bulk api)], templates [], shards [5]/[1], mappings []
[2017-08-19T02:54:58,117][INFO ][o.e.c.m.MetaDataMappingService] [sOtFLMY] [bloomberg_digitalcurrency_index/1wOh1GwfQ0WSGA3X4bOBHA] create_mapping [post]
[2017-08-19T02:55:26,933][INFO ][o.e.c.m.MetaDataCreateIndexService] [sOtFLMY] [bloomberg_litecoin_index] creating index, cause [auto(bulk api)], templates [], shards [5]/[1], mappings []
[2017-08-19T02:55:28,545][INFO ][o.e.c.m.MetaDataMappingService] [sOtFLMY] [bloomberg_litecoin_index/rDBAuIz0StigJqZbWvj86g] create_mapping [post]
[2017-08-19T08:53:56,463][INFO ][o.e.m.j.JvmGcMonitorService] [sOtFLMY] [gc][14435] overhead, spent [642ms] collecting in the last [1.4s]
[2017-08-19T13:08:29,155][INFO ][o.e.c.m.MetaDataCreateIndexService] [sOtFLMY] [cnbc_bitcoin_index] creating index, cause [auto(bulk api)], templates [], shards [5]/[1], mappings []
[2017-08-19T13:08:39,806][INFO ][o.e.c.m.MetaDataMappingService] [sOtFLMY] [cnbc_bitcoin_index/hCqZALQDS8aOM6DgH08YVA] create_mapping [post]
[2017-08-19T13:11:22,225][INFO ][o.e.c.m.MetaDataCreateIndexService] [sOtFLMY] [cnbc_blockchain_index] creating index, cause [auto(bulk api)], templates [], shards [5]/[1], mappings []
[2017-08-19T13:11:25,468][INFO ][o.e.c.m.MetaDataMappingService] [sOtFLMY] [cnbc_blockchain_index/qttByuLxQs6CnJLEpNhR_A] create_mapping [post]
[2017-08-19T13:12:26,827][INFO ][o.e.c.m.MetaDataCreateIndexService] [sOtFLMY] [cnbc_cryptocurrency_index] creating index, cause [auto(bulk api)], templates [], shards [5]/[1], mappings []
[2017-08-19T13:12:29,248][INFO ][o.e.c.m.MetaDataMappingService] [sOtFLMY] [cnbc_cryptocurrency_index/9SLKc2DGS5GeBDdOYrMVwg] create_mapping [post]
[2017-08-19T13:14:44,666][INFO ][o.e.c.m.MetaDataCreateIndexService] [sOtFLMY] [cnbc_fintech_index] creating index, cause [auto(bulk api)], templates [], shards [5]/[1], mappings []
[2017-08-19T13:14:46,892][INFO ][o.e.c.m.MetaDataMappingService] [sOtFLMY] [cnbc_fintech_index/sKtYMwGRQ5uKOYJqfXnfkQ] create_mapping [post]
[2017-08-19T13:18:45,155][INFO ][o.e.m.j.JvmGcMonitorService] [sOtFLMY] [gc][28890] overhead, spent [293ms] collecting in the last [1s]
[2017-08-19T13:19:38,702][INFO ][o.e.c.m.MetaDataCreateIndexService] [sOtFLMY] [cnbc_ethereum_index] creating index, cause [auto(bulk api)], templates [], shards [5]/[1], mappings []
[2017-08-19T13:19:41,659][INFO ][o.e.c.m.MetaDataMappingService] [sOtFLMY] [cnbc_ethereum_index/Pgg83talTCCoNRFbNCiZEA] create_mapping [post]
[2017-08-19T13:19:43,687][DEBUG][o.e.a.b.TransportShardBulkAction] [sOtFLMY] [cnbc_ethereum_index][3] failed to execute bulk item (index) BulkShardRequest [[cnbc_ethereum_index][3]] containing [index {[cnbc_ethereum_index][post][1], source[{"source": "cnbc.com", "search": "ethereum", "title": "David Sacks: Cryptocurrency fulfills the 'original vision' we tried to build at PayPal  "}]}]
org.elasticsearch.index.mapper.MapperParsingException: failed to parse [title]
	at org.elasticsearch.index.mapper.FieldMapper.parse(FieldMapper.java:298) ~[elasticsearch-5.5.1.jar:5.5.1]
	at org.elasticsearch.index.mapper.DocumentParser.parseObjectOrField(DocumentParser.java:468) ~[elasticsearch-5.5.1.jar:5.5.1]
	at org.elasticsearch.index.mapper.DocumentParser.parseValue(DocumentParser.java:591) ~[elasticsearch-5.5.1.jar:5.5.1]
	at org.elasticsearch.index.mapper.DocumentParser.innerParseObject(DocumentParser.java:396) ~[elasticsearch-5.5.1.jar:5.5.1]
	at org.elasticsearch.index.mapper.DocumentParser.parseObjectOrNested(DocumentParser.java:373) ~[elasticsearch-5.5.1.jar:5.5.1]
	at org.elasticsearch.index.mapper.DocumentParser.internalParseDocument(DocumentParser.java:93) ~[elasticsearch-5.5.1.jar:5.5.1]
	at org.elasticsearch.index.mapper.DocumentParser.parseDocument(DocumentParser.java:66) ~[elasticsearch-5.5.1.jar:5.5.1]
	at org.elasticsearch.index.mapper.DocumentMapper.parse(DocumentMapper.java:277) ~[elasticsearch-5.5.1.jar:5.5.1]
	at org.elasticsearch.index.shard.IndexShard.prepareIndex(IndexShard.java:529) ~[elasticsearch-5.5.1.jar:5.5.1]
	at org.elasticsearch.index.shard.IndexShard.prepareIndexOnPrimary(IndexShard.java:506) ~[elasticsearch-5.5.1.jar:5.5.1]
	at org.elasticsearch.action.bulk.TransportShardBulkAction.prepareIndexOperationOnPrimary(TransportShardBulkAction.java:450) ~[elasticsearch-5.5.1.jar:5.5.1]
	at org.elasticsearch.action.bulk.TransportShardBulkAction.executeIndexRequestOnPrimary(TransportShardBulkAction.java:458) ~[elasticsearch-5.5.1.jar:5.5.1]
	at org.elasticsearch.action.bulk.TransportShardBulkAction.executeBulkItemRequest(TransportShardBulkAction.java:143) [elasticsearch-5.5.1.jar:5.5.1]
	at org.elasticsearch.action.bulk.TransportShardBulkAction.shardOperationOnPrimary(TransportShardBulkAction.java:113) [elasticsearch-5.5.1.jar:5.5.1]
	at org.elasticsearch.action.bulk.TransportShardBulkAction.shardOperationOnPrimary(TransportShardBulkAction.java:69) [elasticsearch-5.5.1.jar:5.5.1]
	at org.elasticsearch.action.support.replication.TransportReplicationAction$PrimaryShardReference.perform(TransportReplicationAction.java:939) [elasticsearch-5.5.1.jar:5.5.1]
	at org.elasticsearch.action.support.replication.TransportReplicationAction$PrimaryShardReference.perform(TransportReplicationAction.java:908) [elasticsearch-5.5.1.jar:5.5.1]
	at org.elasticsearch.action.support.replication.ReplicationOperation.execute(ReplicationOperation.java:113) [elasticsearch-5.5.1.jar:5.5.1]
	at org.elasticsearch.action.support.replication.TransportReplicationAction$AsyncPrimaryAction.onResponse(TransportReplicationAction.java:322) [elasticsearch-5.5.1.jar:5.5.1]
	at org.elasticsearch.action.support.replication.TransportReplicationAction$AsyncPrimaryAction.onResponse(TransportReplicationAction.java:264) [elasticsearch-5.5.1.jar:5.5.1]
	at org.elasticsearch.action.support.replication.TransportReplicationAction$1.onResponse(TransportReplicationAction.java:888) [elasticsearch-5.5.1.jar:5.5.1]
	at org.elasticsearch.action.support.replication.TransportReplicationAction$1.onResponse(TransportReplicationAction.java:885) [elasticsearch-5.5.1.jar:5.5.1]
	at org.elasticsearch.index.shard.IndexShardOperationsLock.acquire(IndexShardOperationsLock.java:147) [elasticsearch-5.5.1.jar:5.5.1]
	at org.elasticsearch.index.shard.IndexShard.acquirePrimaryOperationLock(IndexShard.java:1657) [elasticsearch-5.5.1.jar:5.5.1]
	at org.elasticsearch.action.support.replication.TransportReplicationAction.acquirePrimaryShardReference(TransportReplicationAction.java:897) [elasticsearch-5.5.1.jar:5.5.1]
	at org.elasticsearch.action.support.replication.TransportReplicationAction.access$400(TransportReplicationAction.java:93) [elasticsearch-5.5.1.jar:5.5.1]
	at org.elasticsearch.action.support.replication.TransportReplicationAction$AsyncPrimaryAction.doRun(TransportReplicationAction.java:281) [elasticsearch-5.5.1.jar:5.5.1]
	at org.elasticsearch.common.util.concurrent.AbstractRunnable.run(AbstractRunnable.java:37) [elasticsearch-5.5.1.jar:5.5.1]
	at org.elasticsearch.action.support.replication.TransportReplicationAction$PrimaryOperationTransportHandler.messageReceived(TransportReplicationAction.java:260) [elasticsearch-5.5.1.jar:5.5.1]
	at org.elasticsearch.action.support.replication.TransportReplicationAction$PrimaryOperationTransportHandler.messageReceived(TransportReplicationAction.java:252) [elasticsearch-5.5.1.jar:5.5.1]
	at org.elasticsearch.transport.RequestHandlerRegistry.processMessageReceived(RequestHandlerRegistry.java:69) [elasticsearch-5.5.1.jar:5.5.1]
	at org.elasticsearch.transport.TransportService$7.doRun(TransportService.java:644) [elasticsearch-5.5.1.jar:5.5.1]
	at org.elasticsearch.common.util.concurrent.ThreadContext$ContextPreservingAbstractRunnable.doRun(ThreadContext.java:638) [elasticsearch-5.5.1.jar:5.5.1]
	at org.elasticsearch.common.util.concurrent.AbstractRunnable.run(AbstractRunnable.java:37) [elasticsearch-5.5.1.jar:5.5.1]
	at java.util.concurrent.ThreadPoolExecutor.runWorker(ThreadPoolExecutor.java:1142) [?:1.8.0_131]
	at java.util.concurrent.ThreadPoolExecutor$Worker.run(ThreadPoolExecutor.java:617) [?:1.8.0_131]
	at java.lang.Thread.run(Thread.java:748) [?:1.8.0_131]
Caused by: java.lang.NumberFormatException: For input string: "David Sacks: Cryptocurrency fulfills the 'original vision' we tried to build at PayPal  "
	at java.lang.NumberFormatException.forInputString(NumberFormatException.java:65) ~[?:1.8.0_131]
	at java.lang.Long.parseLong(Long.java:589) ~[?:1.8.0_131]
	at java.lang.Long.parseLong(Long.java:631) ~[?:1.8.0_131]
	at org.elasticsearch.common.xcontent.support.AbstractXContentParser.longValue(AbstractXContentParser.java:172) ~[elasticsearch-5.5.1.jar:5.5.1]
	at org.elasticsearch.index.mapper.NumberFieldMapper$NumberType$7.parse(NumberFieldMapper.java:740) ~[elasticsearch-5.5.1.jar:5.5.1]
	at org.elasticsearch.index.mapper.NumberFieldMapper$NumberType$7.parse(NumberFieldMapper.java:719) ~[elasticsearch-5.5.1.jar:5.5.1]
	at org.elasticsearch.index.mapper.NumberFieldMapper.parseCreateField(NumberFieldMapper.java:1058) ~[elasticsearch-5.5.1.jar:5.5.1]
	at org.elasticsearch.index.mapper.FieldMapper.parse(FieldMapper.java:287) ~[elasticsearch-5.5.1.jar:5.5.1]
	... 36 more
[2017-08-19T13:20:37,030][DEBUG][o.e.a.b.TransportShardBulkAction] [sOtFLMY] [cnbc_ethereum_index][3] failed to execute bulk item (index) BulkShardRequest [[cnbc_ethereum_index][3]] containing [index {[cnbc_ethereum_index][post][1], source[{"source": "cnbc.com", "search": "ethereum", "title": "David Sacks: Cryptocurrency fulfills the 'original vision' we tried to build at PayPal  "}]}]
org.elasticsearch.index.mapper.MapperParsingException: failed to parse [title]
	at org.elasticsearch.index.mapper.FieldMapper.parse(FieldMapper.java:298) ~[elasticsearch-5.5.1.jar:5.5.1]
	at org.elasticsearch.index.mapper.DocumentParser.parseObjectOrField(DocumentParser.java:468) ~[elasticsearch-5.5.1.jar:5.5.1]
	at org.elasticsearch.index.mapper.DocumentParser.parseValue(DocumentParser.java:591) ~[elasticsearch-5.5.1.jar:5.5.1]
	at org.elasticsearch.index.mapper.DocumentParser.innerParseObject(DocumentParser.java:396) ~[elasticsearch-5.5.1.jar:5.5.1]
	at org.elasticsearch.index.mapper.DocumentParser.parseObjectOrNested(DocumentParser.java:373) ~[elasticsearch-5.5.1.jar:5.5.1]
	at org.elasticsearch.index.mapper.DocumentParser.internalParseDocument(DocumentParser.java:93) ~[elasticsearch-5.5.1.jar:5.5.1]
	at org.elasticsearch.index.mapper.DocumentParser.parseDocument(DocumentParser.java:66) ~[elasticsearch-5.5.1.jar:5.5.1]
	at org.elasticsearch.index.mapper.DocumentMapper.parse(DocumentMapper.java:277) ~[elasticsearch-5.5.1.jar:5.5.1]
	at org.elasticsearch.index.shard.IndexShard.prepareIndex(IndexShard.java:529) ~[elasticsearch-5.5.1.jar:5.5.1]
	at org.elasticsearch.index.shard.IndexShard.prepareIndexOnPrimary(IndexShard.java:506) ~[elasticsearch-5.5.1.jar:5.5.1]
	at org.elasticsearch.action.bulk.TransportShardBulkAction.prepareIndexOperationOnPrimary(TransportShardBulkAction.java:450) ~[elasticsearch-5.5.1.jar:5.5.1]
	at org.elasticsearch.action.bulk.TransportShardBulkAction.executeIndexRequestOnPrimary(TransportShardBulkAction.java:458) ~[elasticsearch-5.5.1.jar:5.5.1]
	at org.elasticsearch.action.bulk.TransportShardBulkAction.executeBulkItemRequest(TransportShardBulkAction.java:143) [elasticsearch-5.5.1.jar:5.5.1]
	at org.elasticsearch.action.bulk.TransportShardBulkAction.shardOperationOnPrimary(TransportShardBulkAction.java:113) [elasticsearch-5.5.1.jar:5.5.1]
	at org.elasticsearch.action.bulk.TransportShardBulkAction.shardOperationOnPrimary(TransportShardBulkAction.java:69) [elasticsearch-5.5.1.jar:5.5.1]
	at org.elasticsearch.action.support.replication.TransportReplicationAction$PrimaryShardReference.perform(TransportReplicationAction.java:939) [elasticsearch-5.5.1.jar:5.5.1]
	at org.elasticsearch.action.support.replication.TransportReplicationAction$PrimaryShardReference.perform(TransportReplicationAction.java:908) [elasticsearch-5.5.1.jar:5.5.1]
	at org.elasticsearch.action.support.replication.ReplicationOperation.execute(ReplicationOperation.java:113) [elasticsearch-5.5.1.jar:5.5.1]
	at org.elasticsearch.action.support.replication.TransportReplicationAction$AsyncPrimaryAction.onResponse(TransportReplicationAction.java:322) [elasticsearch-5.5.1.jar:5.5.1]
	at org.elasticsearch.action.support.replication.TransportReplicationAction$AsyncPrimaryAction.onResponse(TransportReplicationAction.java:264) [elasticsearch-5.5.1.jar:5.5.1]
	at org.elasticsearch.action.support.replication.TransportReplicationAction$1.onResponse(TransportReplicationAction.java:888) [elasticsearch-5.5.1.jar:5.5.1]
	at org.elasticsearch.action.support.replication.TransportReplicationAction$1.onResponse(TransportReplicationAction.java:885) [elasticsearch-5.5.1.jar:5.5.1]
	at org.elasticsearch.index.shard.IndexShardOperationsLock.acquire(IndexShardOperationsLock.java:147) [elasticsearch-5.5.1.jar:5.5.1]
	at org.elasticsearch.index.shard.IndexShard.acquirePrimaryOperationLock(IndexShard.java:1657) [elasticsearch-5.5.1.jar:5.5.1]
	at org.elasticsearch.action.support.replication.TransportReplicationAction.acquirePrimaryShardReference(TransportReplicationAction.java:897) [elasticsearch-5.5.1.jar:5.5.1]
	at org.elasticsearch.action.support.replication.TransportReplicationAction.access$400(TransportReplicationAction.java:93) [elasticsearch-5.5.1.jar:5.5.1]
	at org.elasticsearch.action.support.replication.TransportReplicationAction$AsyncPrimaryAction.doRun(TransportReplicationAction.java:281) [elasticsearch-5.5.1.jar:5.5.1]
	at org.elasticsearch.common.util.concurrent.AbstractRunnable.run(AbstractRunnable.java:37) [elasticsearch-5.5.1.jar:5.5.1]
	at org.elasticsearch.action.support.replication.TransportReplicationAction$PrimaryOperationTransportHandler.messageReceived(TransportReplicationAction.java:260) [elasticsearch-5.5.1.jar:5.5.1]
	at org.elasticsearch.action.support.replication.TransportReplicationAction$PrimaryOperationTransportHandler.messageReceived(TransportReplicationAction.java:252) [elasticsearch-5.5.1.jar:5.5.1]
	at org.elasticsearch.transport.RequestHandlerRegistry.processMessageReceived(RequestHandlerRegistry.java:69) [elasticsearch-5.5.1.jar:5.5.1]
	at org.elasticsearch.transport.TransportService$7.doRun(TransportService.java:644) [elasticsearch-5.5.1.jar:5.5.1]
	at org.elasticsearch.common.util.concurrent.ThreadContext$ContextPreservingAbstractRunnable.doRun(ThreadContext.java:638) [elasticsearch-5.5.1.jar:5.5.1]
	at org.elasticsearch.common.util.concurrent.AbstractRunnable.run(AbstractRunnable.java:37) [elasticsearch-5.5.1.jar:5.5.1]
	at java.util.concurrent.ThreadPoolExecutor.runWorker(ThreadPoolExecutor.java:1142) [?:1.8.0_131]
	at java.util.concurrent.ThreadPoolExecutor$Worker.run(ThreadPoolExecutor.java:617) [?:1.8.0_131]
	at java.lang.Thread.run(Thread.java:748) [?:1.8.0_131]
Caused by: java.lang.NumberFormatException: For input string: "David Sacks: Cryptocurrency fulfills the 'original vision' we tried to build at PayPal  "
	at java.lang.NumberFormatException.forInputString(NumberFormatException.java:65) ~[?:1.8.0_131]
	at java.lang.Long.parseLong(Long.java:589) ~[?:1.8.0_131]
	at java.lang.Long.parseLong(Long.java:631) ~[?:1.8.0_131]
	at org.elasticsearch.common.xcontent.support.AbstractXContentParser.longValue(AbstractXContentParser.java:172) ~[elasticsearch-5.5.1.jar:5.5.1]
	at org.elasticsearch.index.mapper.NumberFieldMapper$NumberType$7.parse(NumberFieldMapper.java:740) ~[elasticsearch-5.5.1.jar:5.5.1]
	at org.elasticsearch.index.mapper.NumberFieldMapper$NumberType$7.parse(NumberFieldMapper.java:719) ~[elasticsearch-5.5.1.jar:5.5.1]
	at org.elasticsearch.index.mapper.NumberFieldMapper.parseCreateField(NumberFieldMapper.java:1058) ~[elasticsearch-5.5.1.jar:5.5.1]
	at org.elasticsearch.index.mapper.FieldMapper.parse(FieldMapper.java:287) ~[elasticsearch-5.5.1.jar:5.5.1]
	... 36 more
[2017-08-19T13:21:46,608][DEBUG][o.e.a.b.TransportShardBulkAction] [sOtFLMY] [cnbc_ethereum_index][3] failed to execute bulk item (index) BulkShardRequest [[cnbc_ethereum_index][3]] containing [index {[cnbc_ethereum_index][post][1], source[{"source": "cnbc.com", "search": "ethereum", "title": "David Sacks: Cryptocurrency fulfills the 'original vision' we tried to build at PayPal  "}]}]
org.elasticsearch.index.mapper.MapperParsingException: failed to parse [title]
	at org.elasticsearch.index.mapper.FieldMapper.parse(FieldMapper.java:298) ~[elasticsearch-5.5.1.jar:5.5.1]
	at org.elasticsearch.index.mapper.DocumentParser.parseObjectOrField(DocumentParser.java:468) ~[elasticsearch-5.5.1.jar:5.5.1]
	at org.elasticsearch.index.mapper.DocumentParser.parseValue(DocumentParser.java:591) ~[elasticsearch-5.5.1.jar:5.5.1]
	at org.elasticsearch.index.mapper.DocumentParser.innerParseObject(DocumentParser.java:396) ~[elasticsearch-5.5.1.jar:5.5.1]
	at org.elasticsearch.index.mapper.DocumentParser.parseObjectOrNested(DocumentParser.java:373) ~[elasticsearch-5.5.1.jar:5.5.1]
	at org.elasticsearch.index.mapper.DocumentParser.internalParseDocument(DocumentParser.java:93) ~[elasticsearch-5.5.1.jar:5.5.1]
	at org.elasticsearch.index.mapper.DocumentParser.parseDocument(DocumentParser.java:66) ~[elasticsearch-5.5.1.jar:5.5.1]
	at org.elasticsearch.index.mapper.DocumentMapper.parse(DocumentMapper.java:277) ~[elasticsearch-5.5.1.jar:5.5.1]
	at org.elasticsearch.index.shard.IndexShard.prepareIndex(IndexShard.java:529) ~[elasticsearch-5.5.1.jar:5.5.1]
	at org.elasticsearch.index.shard.IndexShard.prepareIndexOnPrimary(IndexShard.java:506) ~[elasticsearch-5.5.1.jar:5.5.1]
	at org.elasticsearch.action.bulk.TransportShardBulkAction.prepareIndexOperationOnPrimary(TransportShardBulkAction.java:450) ~[elasticsearch-5.5.1.jar:5.5.1]
	at org.elasticsearch.action.bulk.TransportShardBulkAction.executeIndexRequestOnPrimary(TransportShardBulkAction.java:458) ~[elasticsearch-5.5.1.jar:5.5.1]
	at org.elasticsearch.action.bulk.TransportShardBulkAction.executeBulkItemRequest(TransportShardBulkAction.java:143) [elasticsearch-5.5.1.jar:5.5.1]
	at org.elasticsearch.action.bulk.TransportShardBulkAction.shardOperationOnPrimary(TransportShardBulkAction.java:113) [elasticsearch-5.5.1.jar:5.5.1]
	at org.elasticsearch.action.bulk.TransportShardBulkAction.shardOperationOnPrimary(TransportShardBulkAction.java:69) [elasticsearch-5.5.1.jar:5.5.1]
	at org.elasticsearch.action.support.replication.TransportReplicationAction$PrimaryShardReference.perform(TransportReplicationAction.java:939) [elasticsearch-5.5.1.jar:5.5.1]
	at org.elasticsearch.action.support.replication.TransportReplicationAction$PrimaryShardReference.perform(TransportReplicationAction.java:908) [elasticsearch-5.5.1.jar:5.5.1]
	at org.elasticsearch.action.support.replication.ReplicationOperation.execute(ReplicationOperation.java:113) [elasticsearch-5.5.1.jar:5.5.1]
	at org.elasticsearch.action.support.replication.TransportReplicationAction$AsyncPrimaryAction.onResponse(TransportReplicationAction.java:322) [elasticsearch-5.5.1.jar:5.5.1]
	at org.elasticsearch.action.support.replication.TransportReplicationAction$AsyncPrimaryAction.onResponse(TransportReplicationAction.java:264) [elasticsearch-5.5.1.jar:5.5.1]
	at org.elasticsearch.action.support.replication.TransportReplicationAction$1.onResponse(TransportReplicationAction.java:888) [elasticsearch-5.5.1.jar:5.5.1]
	at org.elasticsearch.action.support.replication.TransportReplicationAction$1.onResponse(TransportReplicationAction.java:885) [elasticsearch-5.5.1.jar:5.5.1]
	at org.elasticsearch.index.shard.IndexShardOperationsLock.acquire(IndexShardOperationsLock.java:147) [elasticsearch-5.5.1.jar:5.5.1]
	at org.elasticsearch.index.shard.IndexShard.acquirePrimaryOperationLock(IndexShard.java:1657) [elasticsearch-5.5.1.jar:5.5.1]
	at org.elasticsearch.action.support.replication.TransportReplicationAction.acquirePrimaryShardReference(TransportReplicationAction.java:897) [elasticsearch-5.5.1.jar:5.5.1]
	at org.elasticsearch.action.support.replication.TransportReplicationAction.access$400(TransportReplicationAction.java:93) [elasticsearch-5.5.1.jar:5.5.1]
	at org.elasticsearch.action.support.replication.TransportReplicationAction$AsyncPrimaryAction.doRun(TransportReplicationAction.java:281) [elasticsearch-5.5.1.jar:5.5.1]
	at org.elasticsearch.common.util.concurrent.AbstractRunnable.run(AbstractRunnable.java:37) [elasticsearch-5.5.1.jar:5.5.1]
	at org.elasticsearch.action.support.replication.TransportReplicationAction$PrimaryOperationTransportHandler.messageReceived(TransportReplicationAction.java:260) [elasticsearch-5.5.1.jar:5.5.1]
	at org.elasticsearch.action.support.replication.TransportReplicationAction$PrimaryOperationTransportHandler.messageReceived(TransportReplicationAction.java:252) [elasticsearch-5.5.1.jar:5.5.1]
	at org.elasticsearch.transport.RequestHandlerRegistry.processMessageReceived(RequestHandlerRegistry.java:69) [elasticsearch-5.5.1.jar:5.5.1]
	at org.elasticsearch.transport.TransportService$7.doRun(TransportService.java:644) [elasticsearch-5.5.1.jar:5.5.1]
	at org.elasticsearch.common.util.concurrent.ThreadContext$ContextPreservingAbstractRunnable.doRun(ThreadContext.java:638) [elasticsearch-5.5.1.jar:5.5.1]
	at org.elasticsearch.common.util.concurrent.AbstractRunnable.run(AbstractRunnable.java:37) [elasticsearch-5.5.1.jar:5.5.1]
	at java.util.concurrent.ThreadPoolExecutor.runWorker(ThreadPoolExecutor.java:1142) [?:1.8.0_131]
	at java.util.concurrent.ThreadPoolExecutor$Worker.run(ThreadPoolExecutor.java:617) [?:1.8.0_131]
	at java.lang.Thread.run(Thread.java:748) [?:1.8.0_131]
Caused by: java.lang.NumberFormatException: For input string: "David Sacks: Cryptocurrency fulfills the 'original vision' we tried to build at PayPal  "
	at java.lang.NumberFormatException.forInputString(NumberFormatException.java:65) ~[?:1.8.0_131]
	at java.lang.Long.parseLong(Long.java:589) ~[?:1.8.0_131]
	at java.lang.Long.parseLong(Long.java:631) ~[?:1.8.0_131]
	at org.elasticsearch.common.xcontent.support.AbstractXContentParser.longValue(AbstractXContentParser.java:172) ~[elasticsearch-5.5.1.jar:5.5.1]
	at org.elasticsearch.index.mapper.NumberFieldMapper$NumberType$7.parse(NumberFieldMapper.java:740) ~[elasticsearch-5.5.1.jar:5.5.1]
	at org.elasticsearch.index.mapper.NumberFieldMapper$NumberType$7.parse(NumberFieldMapper.java:719) ~[elasticsearch-5.5.1.jar:5.5.1]
	at org.elasticsearch.index.mapper.NumberFieldMapper.parseCreateField(NumberFieldMapper.java:1058) ~[elasticsearch-5.5.1.jar:5.5.1]
	at org.elasticsearch.index.mapper.FieldMapper.parse(FieldMapper.java:287) ~[elasticsearch-5.5.1.jar:5.5.1]
	... 36 more
[2017-08-19T13:22:42,599][INFO ][o.e.c.m.MetaDataCreateIndexService] [sOtFLMY] [cnbc_litecoin_index] creating index, cause [auto(bulk api)], templates [], shards [5]/[1], mappings []
[2017-08-19T13:22:44,347][INFO ][o.e.c.m.MetaDataMappingService] [sOtFLMY] [cnbc_litecoin_index/uwOM42YWTSeh9RbgtJmI2w] create_mapping [post]
[2017-08-19T13:22:44,686][DEBUG][o.e.a.b.TransportShardBulkAction] [sOtFLMY] [cnbc_litecoin_index][3] failed to execute bulk item (index) BulkShardRequest [[cnbc_litecoin_index][3]] containing [index {[cnbc_litecoin_index][post][1], source[{"source": "cnbc.com", "search": "litecoin", "title": "Bitcoin could be set for more confusion ahead  "}]}]
org.elasticsearch.index.mapper.MapperParsingException: failed to parse [title]
	at org.elasticsearch.index.mapper.FieldMapper.parse(FieldMapper.java:298) ~[elasticsearch-5.5.1.jar:5.5.1]
	at org.elasticsearch.index.mapper.DocumentParser.parseObjectOrField(DocumentParser.java:468) ~[elasticsearch-5.5.1.jar:5.5.1]
	at org.elasticsearch.index.mapper.DocumentParser.parseValue(DocumentParser.java:591) ~[elasticsearch-5.5.1.jar:5.5.1]
	at org.elasticsearch.index.mapper.DocumentParser.innerParseObject(DocumentParser.java:396) ~[elasticsearch-5.5.1.jar:5.5.1]
	at org.elasticsearch.index.mapper.DocumentParser.parseObjectOrNested(DocumentParser.java:373) ~[elasticsearch-5.5.1.jar:5.5.1]
	at org.elasticsearch.index.mapper.DocumentParser.internalParseDocument(DocumentParser.java:93) ~[elasticsearch-5.5.1.jar:5.5.1]
	at org.elasticsearch.index.mapper.DocumentParser.parseDocument(DocumentParser.java:66) ~[elasticsearch-5.5.1.jar:5.5.1]
	at org.elasticsearch.index.mapper.DocumentMapper.parse(DocumentMapper.java:277) ~[elasticsearch-5.5.1.jar:5.5.1]
	at org.elasticsearch.index.shard.IndexShard.prepareIndex(IndexShard.java:529) ~[elasticsearch-5.5.1.jar:5.5.1]
	at org.elasticsearch.index.shard.IndexShard.prepareIndexOnPrimary(IndexShard.java:506) ~[elasticsearch-5.5.1.jar:5.5.1]
	at org.elasticsearch.action.bulk.TransportShardBulkAction.prepareIndexOperationOnPrimary(TransportShardBulkAction.java:450) ~[elasticsearch-5.5.1.jar:5.5.1]
	at org.elasticsearch.action.bulk.TransportShardBulkAction.executeIndexRequestOnPrimary(TransportShardBulkAction.java:458) ~[elasticsearch-5.5.1.jar:5.5.1]
	at org.elasticsearch.action.bulk.TransportShardBulkAction.executeBulkItemRequest(TransportShardBulkAction.java:143) [elasticsearch-5.5.1.jar:5.5.1]
	at org.elasticsearch.action.bulk.TransportShardBulkAction.shardOperationOnPrimary(TransportShardBulkAction.java:113) [elasticsearch-5.5.1.jar:5.5.1]
	at org.elasticsearch.action.bulk.TransportShardBulkAction.shardOperationOnPrimary(TransportShardBulkAction.java:69) [elasticsearch-5.5.1.jar:5.5.1]
	at org.elasticsearch.action.support.replication.TransportReplicationAction$PrimaryShardReference.perform(TransportReplicationAction.java:939) [elasticsearch-5.5.1.jar:5.5.1]
	at org.elasticsearch.action.support.replication.TransportReplicationAction$PrimaryShardReference.perform(TransportReplicationAction.java:908) [elasticsearch-5.5.1.jar:5.5.1]
	at org.elasticsearch.action.support.replication.ReplicationOperation.execute(ReplicationOperation.java:113) [elasticsearch-5.5.1.jar:5.5.1]
	at org.elasticsearch.action.support.replication.TransportReplicationAction$AsyncPrimaryAction.onResponse(TransportReplicationAction.java:322) [elasticsearch-5.5.1.jar:5.5.1]
	at org.elasticsearch.action.support.replication.TransportReplicationAction$AsyncPrimaryAction.onResponse(TransportReplicationAction.java:264) [elasticsearch-5.5.1.jar:5.5.1]
	at org.elasticsearch.action.support.replication.TransportReplicationAction$1.onResponse(TransportReplicationAction.java:888) [elasticsearch-5.5.1.jar:5.5.1]
	at org.elasticsearch.action.support.replication.TransportReplicationAction$1.onResponse(TransportReplicationAction.java:885) [elasticsearch-5.5.1.jar:5.5.1]
	at org.elasticsearch.index.shard.IndexShardOperationsLock.acquire(IndexShardOperationsLock.java:147) [elasticsearch-5.5.1.jar:5.5.1]
	at org.elasticsearch.index.shard.IndexShard.acquirePrimaryOperationLock(IndexShard.java:1657) [elasticsearch-5.5.1.jar:5.5.1]
	at org.elasticsearch.action.support.replication.TransportReplicationAction.acquirePrimaryShardReference(TransportReplicationAction.java:897) [elasticsearch-5.5.1.jar:5.5.1]
	at org.elasticsearch.action.support.replication.TransportReplicationAction.access$400(TransportReplicationAction.java:93) [elasticsearch-5.5.1.jar:5.5.1]
	at org.elasticsearch.action.support.replication.TransportReplicationAction$AsyncPrimaryAction.doRun(TransportReplicationAction.java:281) [elasticsearch-5.5.1.jar:5.5.1]
	at org.elasticsearch.common.util.concurrent.AbstractRunnable.run(AbstractRunnable.java:37) [elasticsearch-5.5.1.jar:5.5.1]
	at org.elasticsearch.action.support.replication.TransportReplicationAction$PrimaryOperationTransportHandler.messageReceived(TransportReplicationAction.java:260) [elasticsearch-5.5.1.jar:5.5.1]
	at org.elasticsearch.action.support.replication.TransportReplicationAction$PrimaryOperationTransportHandler.messageReceived(TransportReplicationAction.java:252) [elasticsearch-5.5.1.jar:5.5.1]
	at org.elasticsearch.transport.RequestHandlerRegistry.processMessageReceived(RequestHandlerRegistry.java:69) [elasticsearch-5.5.1.jar:5.5.1]
	at org.elasticsearch.transport.TransportService$7.doRun(TransportService.java:644) [elasticsearch-5.5.1.jar:5.5.1]
	at org.elasticsearch.common.util.concurrent.ThreadContext$ContextPreservingAbstractRunnable.doRun(ThreadContext.java:638) [elasticsearch-5.5.1.jar:5.5.1]
	at org.elasticsearch.common.util.concurrent.AbstractRunnable.run(AbstractRunnable.java:37) [elasticsearch-5.5.1.jar:5.5.1]
	at java.util.concurrent.ThreadPoolExecutor.runWorker(ThreadPoolExecutor.java:1142) [?:1.8.0_131]
	at java.util.concurrent.ThreadPoolExecutor$Worker.run(ThreadPoolExecutor.java:617) [?:1.8.0_131]
	at java.lang.Thread.run(Thread.java:748) [?:1.8.0_131]
Caused by: java.lang.NumberFormatException: For input string: "Bitcoin could be set for more confusion ahead  "
	at java.lang.NumberFormatException.forInputString(NumberFormatException.java:65) ~[?:1.8.0_131]
	at java.lang.Long.parseLong(Long.java:589) ~[?:1.8.0_131]
	at java.lang.Long.parseLong(Long.java:631) ~[?:1.8.0_131]
	at org.elasticsearch.common.xcontent.support.AbstractXContentParser.longValue(AbstractXContentParser.java:172) ~[elasticsearch-5.5.1.jar:5.5.1]
	at org.elasticsearch.index.mapper.NumberFieldMapper$NumberType$7.parse(NumberFieldMapper.java:740) ~[elasticsearch-5.5.1.jar:5.5.1]
	at org.elasticsearch.index.mapper.NumberFieldMapper$NumberType$7.parse(NumberFieldMapper.java:719) ~[elasticsearch-5.5.1.jar:5.5.1]
	at org.elasticsearch.index.mapper.NumberFieldMapper.parseCreateField(NumberFieldMapper.java:1058) ~[elasticsearch-5.5.1.jar:5.5.1]
	at org.elasticsearch.index.mapper.FieldMapper.parse(FieldMapper.java:287) ~[elasticsearch-5.5.1.jar:5.5.1]
	... 36 more
[2017-08-19T13:23:22,791][INFO ][o.e.c.m.MetaDataDeleteIndexService] [sOtFLMY] [cnbc_litecoin_index/uwOM42YWTSeh9RbgtJmI2w] deleting index
[2017-08-19T13:23:38,725][INFO ][o.e.c.m.MetaDataCreateIndexService] [sOtFLMY] [cnbc_litecoin_index] creating index, cause [auto(bulk api)], templates [], shards [5]/[1], mappings []
[2017-08-19T13:23:40,804][INFO ][o.e.c.m.MetaDataMappingService] [sOtFLMY] [cnbc_litecoin_index/xCCjVU7xQgC-neUvlzGfJQ] create_mapping [post]
[2017-08-19T13:23:41,023][DEBUG][o.e.a.b.TransportShardBulkAction] [sOtFLMY] [cnbc_litecoin_index][3] failed to execute bulk item (index) BulkShardRequest [[cnbc_litecoin_index][3]] containing [index {[cnbc_litecoin_index][post][1], source[{"source": "cnbc.com", "search": "litecoin", "title": "Bitcoin could be set for more confusion ahead  "}]}]
org.elasticsearch.index.mapper.MapperParsingException: failed to parse [title]
	at org.elasticsearch.index.mapper.FieldMapper.parse(FieldMapper.java:298) ~[elasticsearch-5.5.1.jar:5.5.1]
	at org.elasticsearch.index.mapper.DocumentParser.parseObjectOrField(DocumentParser.java:468) ~[elasticsearch-5.5.1.jar:5.5.1]
	at org.elasticsearch.index.mapper.DocumentParser.parseValue(DocumentParser.java:591) ~[elasticsearch-5.5.1.jar:5.5.1]
	at org.elasticsearch.index.mapper.DocumentParser.innerParseObject(DocumentParser.java:396) ~[elasticsearch-5.5.1.jar:5.5.1]
	at org.elasticsearch.index.mapper.DocumentParser.parseObjectOrNested(DocumentParser.java:373) ~[elasticsearch-5.5.1.jar:5.5.1]
	at org.elasticsearch.index.mapper.DocumentParser.internalParseDocument(DocumentParser.java:93) ~[elasticsearch-5.5.1.jar:5.5.1]
	at org.elasticsearch.index.mapper.DocumentParser.parseDocument(DocumentParser.java:66) ~[elasticsearch-5.5.1.jar:5.5.1]
	at org.elasticsearch.index.mapper.DocumentMapper.parse(DocumentMapper.java:277) ~[elasticsearch-5.5.1.jar:5.5.1]
	at org.elasticsearch.index.shard.IndexShard.prepareIndex(IndexShard.java:529) ~[elasticsearch-5.5.1.jar:5.5.1]
	at org.elasticsearch.index.shard.IndexShard.prepareIndexOnPrimary(IndexShard.java:506) ~[elasticsearch-5.5.1.jar:5.5.1]
	at org.elasticsearch.action.bulk.TransportShardBulkAction.prepareIndexOperationOnPrimary(TransportShardBulkAction.java:450) ~[elasticsearch-5.5.1.jar:5.5.1]
	at org.elasticsearch.action.bulk.TransportShardBulkAction.executeIndexRequestOnPrimary(TransportShardBulkAction.java:458) ~[elasticsearch-5.5.1.jar:5.5.1]
	at org.elasticsearch.action.bulk.TransportShardBulkAction.executeBulkItemRequest(TransportShardBulkAction.java:143) [elasticsearch-5.5.1.jar:5.5.1]
	at org.elasticsearch.action.bulk.TransportShardBulkAction.shardOperationOnPrimary(TransportShardBulkAction.java:113) [elasticsearch-5.5.1.jar:5.5.1]
	at org.elasticsearch.action.bulk.TransportShardBulkAction.shardOperationOnPrimary(TransportShardBulkAction.java:69) [elasticsearch-5.5.1.jar:5.5.1]
	at org.elasticsearch.action.support.replication.TransportReplicationAction$PrimaryShardReference.perform(TransportReplicationAction.java:939) [elasticsearch-5.5.1.jar:5.5.1]
	at org.elasticsearch.action.support.replication.TransportReplicationAction$PrimaryShardReference.perform(TransportReplicationAction.java:908) [elasticsearch-5.5.1.jar:5.5.1]
	at org.elasticsearch.action.support.replication.ReplicationOperation.execute(ReplicationOperation.java:113) [elasticsearch-5.5.1.jar:5.5.1]
	at org.elasticsearch.action.support.replication.TransportReplicationAction$AsyncPrimaryAction.onResponse(TransportReplicationAction.java:322) [elasticsearch-5.5.1.jar:5.5.1]
	at org.elasticsearch.action.support.replication.TransportReplicationAction$AsyncPrimaryAction.onResponse(TransportReplicationAction.java:264) [elasticsearch-5.5.1.jar:5.5.1]
	at org.elasticsearch.action.support.replication.TransportReplicationAction$1.onResponse(TransportReplicationAction.java:888) [elasticsearch-5.5.1.jar:5.5.1]
	at org.elasticsearch.action.support.replication.TransportReplicationAction$1.onResponse(TransportReplicationAction.java:885) [elasticsearch-5.5.1.jar:5.5.1]
	at org.elasticsearch.index.shard.IndexShardOperationsLock.acquire(IndexShardOperationsLock.java:147) [elasticsearch-5.5.1.jar:5.5.1]
	at org.elasticsearch.index.shard.IndexShard.acquirePrimaryOperationLock(IndexShard.java:1657) [elasticsearch-5.5.1.jar:5.5.1]
	at org.elasticsearch.action.support.replication.TransportReplicationAction.acquirePrimaryShardReference(TransportReplicationAction.java:897) [elasticsearch-5.5.1.jar:5.5.1]
	at org.elasticsearch.action.support.replication.TransportReplicationAction.access$400(TransportReplicationAction.java:93) [elasticsearch-5.5.1.jar:5.5.1]
	at org.elasticsearch.action.support.replication.TransportReplicationAction$AsyncPrimaryAction.doRun(TransportReplicationAction.java:281) [elasticsearch-5.5.1.jar:5.5.1]
	at org.elasticsearch.common.util.concurrent.AbstractRunnable.run(AbstractRunnable.java:37) [elasticsearch-5.5.1.jar:5.5.1]
	at org.elasticsearch.action.support.replication.TransportReplicationAction$PrimaryOperationTransportHandler.messageReceived(TransportReplicationAction.java:260) [elasticsearch-5.5.1.jar:5.5.1]
	at org.elasticsearch.action.support.replication.TransportReplicationAction$PrimaryOperationTransportHandler.messageReceived(TransportReplicationAction.java:252) [elasticsearch-5.5.1.jar:5.5.1]
	at org.elasticsearch.transport.RequestHandlerRegistry.processMessageReceived(RequestHandlerRegistry.java:69) [elasticsearch-5.5.1.jar:5.5.1]
	at org.elasticsearch.transport.TransportService$7.doRun(TransportService.java:644) [elasticsearch-5.5.1.jar:5.5.1]
	at org.elasticsearch.common.util.concurrent.ThreadContext$ContextPreservingAbstractRunnable.doRun(ThreadContext.java:638) [elasticsearch-5.5.1.jar:5.5.1]
	at org.elasticsearch.common.util.concurrent.AbstractRunnable.run(AbstractRunnable.java:37) [elasticsearch-5.5.1.jar:5.5.1]
	at java.util.concurrent.ThreadPoolExecutor.runWorker(ThreadPoolExecutor.java:1142) [?:1.8.0_131]
	at java.util.concurrent.ThreadPoolExecutor$Worker.run(ThreadPoolExecutor.java:617) [?:1.8.0_131]
	at java.lang.Thread.run(Thread.java:748) [?:1.8.0_131]
Caused by: java.lang.NumberFormatException: For input string: "Bitcoin could be set for more confusion ahead  "
	at java.lang.NumberFormatException.forInputString(NumberFormatException.java:65) ~[?:1.8.0_131]
	at java.lang.Long.parseLong(Long.java:589) ~[?:1.8.0_131]
	at java.lang.Long.parseLong(Long.java:631) ~[?:1.8.0_131]
	at org.elasticsearch.common.xcontent.support.AbstractXContentParser.longValue(AbstractXContentParser.java:172) ~[elasticsearch-5.5.1.jar:5.5.1]
	at org.elasticsearch.index.mapper.NumberFieldMapper$NumberType$7.parse(NumberFieldMapper.java:740) ~[elasticsearch-5.5.1.jar:5.5.1]
	at org.elasticsearch.index.mapper.NumberFieldMapper$NumberType$7.parse(NumberFieldMapper.java:719) ~[elasticsearch-5.5.1.jar:5.5.1]
	at org.elasticsearch.index.mapper.NumberFieldMapper.parseCreateField(NumberFieldMapper.java:1058) ~[elasticsearch-5.5.1.jar:5.5.1]
	at org.elasticsearch.index.mapper.FieldMapper.parse(FieldMapper.java:287) ~[elasticsearch-5.5.1.jar:5.5.1]
	... 36 more
[2017-08-19T13:24:17,408][INFO ][o.e.m.j.JvmGcMonitorService] [sOtFLMY] [gc][29220] overhead, spent [295ms] collecting in the last [1s]
[2017-08-19T13:50:24,173][INFO ][o.e.m.j.JvmGcMonitorService] [sOtFLMY] [gc][30776] overhead, spent [485ms] collecting in the last [1.3s]
